2016-10-03 16:05:54,410 [Worker-8] INFO  o.e.m.c.i.l.LifecycleMappingFactory - Using org.maven.ide.eclipse.wtp.WarLifecycleMapping lifecycle mapping for MavenProject: lk.icta.lsmis:student:0.0.1-SNAPSHOT @ D:\Projects\eclipse\ICBT\trunk\Source\StudentApp\pom.xml.
2016-10-03 16:05:56,931 [Worker-8] WARN  o.e.m.c.i.embedder.EclipseLogger - The POM for com.artofsolving:jodconverter:jar:core-3.0-beta-4 is missing, no dependency information available
2016-10-03 16:05:56,940 [Worker-8] WARN  o.e.m.c.i.embedder.EclipseLogger - The POM for com.sun.star:juh:jar:core-3.2.1 is missing, no dependency information available
2016-10-03 16:05:56,946 [Worker-8] WARN  o.e.m.c.i.embedder.EclipseLogger - The POM for com.sun.star:jurt:jar:core-3.2.1 is missing, no dependency information available
2016-10-03 16:05:56,951 [Worker-8] WARN  o.e.m.c.i.embedder.EclipseLogger - The POM for com.sun.star:ridl:jar:core-3.2.1 is missing, no dependency information available
2016-10-03 16:05:56,957 [Worker-8] WARN  o.e.m.c.i.embedder.EclipseLogger - The POM for com.sun.star:unoil:jar:core-3.2.1 is missing, no dependency information available
2016-10-03 16:06:00,921 [Worker-8] WARN  o.e.m.c.i.embedder.EclipseLogger - The POM for com.artofsolving:jodconverter:jar:core-3.0-beta-4 is missing, no dependency information available
2016-10-03 16:06:00,926 [Worker-8] WARN  o.e.m.c.i.embedder.EclipseLogger - The POM for com.sun.star:juh:jar:core-3.2.1 is missing, no dependency information available
2016-10-03 16:06:00,931 [Worker-8] WARN  o.e.m.c.i.embedder.EclipseLogger - The POM for com.sun.star:jurt:jar:core-3.2.1 is missing, no dependency information available
2016-10-03 16:06:00,937 [Worker-8] WARN  o.e.m.c.i.embedder.EclipseLogger - The POM for com.sun.star:ridl:jar:core-3.2.1 is missing, no dependency information available
2016-10-03 16:06:00,941 [Worker-8] WARN  o.e.m.c.i.embedder.EclipseLogger - The POM for com.sun.star:unoil:jar:core-3.2.1 is missing, no dependency information available
2016-10-03 16:06:04,756 [Worker-8] INFO  o.e.m.j.i.AbstractJavaProjectConfigurator - Adding source folder /student/src/main/java
2016-10-03 16:06:04,756 [Worker-8] INFO  o.e.m.j.i.AbstractJavaProjectConfigurator - Adding resource folder /student/src/main/resources
2016-10-03 16:06:04,758 [Worker-8] INFO  o.e.m.j.i.AbstractJavaProjectConfigurator - Adding source folder /student/src/test/java
2016-10-03 16:06:04,758 [Worker-8] INFO  o.e.m.j.i.AbstractJavaProjectConfigurator - Adding resource folder /student/src/test/resources
2016-10-03 16:06:08,661 [Worker-8] WARN  o.e.m.c.i.embedder.EclipseLogger - The POM for com.artofsolving:jodconverter:jar:core-3.0-beta-4 is missing, no dependency information available
2016-10-03 16:06:08,667 [Worker-8] WARN  o.e.m.c.i.embedder.EclipseLogger - The POM for com.sun.star:juh:jar:core-3.2.1 is missing, no dependency information available
2016-10-03 16:06:08,720 [Worker-8] WARN  o.e.m.c.i.embedder.EclipseLogger - The POM for com.sun.star:jurt:jar:core-3.2.1 is missing, no dependency information available
2016-10-03 16:06:08,725 [Worker-8] WARN  o.e.m.c.i.embedder.EclipseLogger - The POM for com.sun.star:ridl:jar:core-3.2.1 is missing, no dependency information available
2016-10-03 16:06:08,730 [Worker-8] WARN  o.e.m.c.i.embedder.EclipseLogger - The POM for com.sun.star:unoil:jar:core-3.2.1 is missing, no dependency information available
2016-10-03 16:06:10,519 [Worker-8] INFO  o.e.m.c.i.p.ProjectConfigurationManager - Imported and configured 1 project(s) in 29 sec
2016-10-03 16:06:25,832 [Worker-28] WARN  o.e.m.c.i.embedder.EclipseLogger - The POM for com.artofsolving:jodconverter:jar:core-3.0-beta-4 is missing, no dependency information available
2016-10-03 16:06:25,838 [Worker-28] WARN  o.e.m.c.i.embedder.EclipseLogger - The POM for com.sun.star:juh:jar:core-3.2.1 is missing, no dependency information available
2016-10-03 16:06:25,843 [Worker-28] WARN  o.e.m.c.i.embedder.EclipseLogger - The POM for com.sun.star:jurt:jar:core-3.2.1 is missing, no dependency information available
2016-10-03 16:06:25,849 [Worker-28] WARN  o.e.m.c.i.embedder.EclipseLogger - The POM for com.sun.star:ridl:jar:core-3.2.1 is missing, no dependency information available
2016-10-03 16:06:25,854 [Worker-28] WARN  o.e.m.c.i.embedder.EclipseLogger - The POM for com.sun.star:unoil:jar:core-3.2.1 is missing, no dependency information available
2016-10-03 16:06:26,784 [Worker-28] INFO  o.e.m.c.i.embedder.EclipseLogger - Using 'UTF-8' encoding to copy filtered resources.
2016-10-03 16:06:26,796 [Worker-28] INFO  o.e.m.c.i.embedder.EclipseLogger - Copying 32 resources
2016-10-03 16:06:27,122 [Worker-28] INFO  o.e.m.c.i.embedder.EclipseLogger - Using 'UTF-8' encoding to copy filtered resources.
2016-10-03 16:06:27,122 [Worker-28] INFO  o.e.m.c.i.embedder.EclipseLogger - Copying 4 resources
2016-10-03 16:14:12,237 [Worker-33] INFO  o.e.m.i.launch.MavenLaunchDelegate - D:\Projects\eclipse\ICBT\trunk\Source\StudentApp
2016-10-03 16:14:12,238 [Worker-33] INFO  o.e.m.i.launch.MavenLaunchDelegate -  mvn  -B clean
2016-10-03 16:14:16,352 [Worker-31] INFO  o.e.m.c.i.embedder.EclipseLogger - Using 'UTF-8' encoding to copy filtered resources.
2016-10-03 16:14:16,358 [Worker-31] INFO  o.e.m.c.i.embedder.EclipseLogger - Copying 32 resources
2016-10-03 16:14:16,468 [Worker-31] INFO  o.e.m.c.i.embedder.EclipseLogger - Using 'UTF-8' encoding to copy filtered resources.
2016-10-03 16:14:16,469 [Worker-31] INFO  o.e.m.c.i.embedder.EclipseLogger - Copying 4 resources
2016-10-03 16:14:16,481 [Worker-31] INFO  o.e.m.w.i.f.ResourceFilteringBuildParticipant - Changed resources require a complete clean of filtered resources of student
2016-10-03 16:14:16,483 [Worker-31] INFO  o.e.m.w.i.f.ResourceFilteringBuildParticipant - Executing resource filtering for student
2016-10-03 16:14:16,497 [Worker-31] INFO  o.e.m.c.i.embedder.EclipseLogger - Using 'UTF-8' encoding to copy filtered resources.
2016-10-03 16:14:21,188 [Worker-31] INFO  o.e.m.i.launch.MavenLaunchDelegate - D:\Projects\eclipse\ICBT\trunk\Source\StudentApp
2016-10-03 16:14:21,188 [Worker-31] INFO  o.e.m.i.launch.MavenLaunchDelegate -  mvn  -B install
2016-10-03 16:14:55,668 [Worker-32] INFO  o.e.m.c.i.embedder.EclipseLogger - Using 'UTF-8' encoding to copy filtered resources.
2016-10-03 16:14:55,669 [Worker-32] INFO  o.e.m.c.i.embedder.EclipseLogger - Copying 32 resources
2016-10-03 16:14:55,674 [Worker-32] INFO  o.e.m.c.i.embedder.EclipseLogger - Using 'UTF-8' encoding to copy filtered resources.
2016-10-03 16:14:55,675 [Worker-32] INFO  o.e.m.c.i.embedder.EclipseLogger - Copying 4 resources
2016-10-03 16:18:47,798 [Worker-33] INFO  o.e.m.c.i.embedder.EclipseLogger - Using 'UTF-8' encoding to copy filtered resources.
2016-10-03 16:18:47,798 [Worker-33] INFO  o.e.m.c.i.embedder.EclipseLogger - Copying 0 resource
2016-10-03 16:18:47,800 [Worker-33] INFO  o.e.m.c.i.embedder.EclipseLogger - Using 'UTF-8' encoding to copy filtered resources.
2016-10-03 16:18:47,800 [Worker-33] INFO  o.e.m.c.i.embedder.EclipseLogger - Copying 0 resource
2016-10-03 16:20:09,562 [Worker-44] WARN  o.e.m.c.i.embedder.EclipseLogger - The POM for com.artofsolving:jodconverter:jar:core-3.0-beta-4 is missing, no dependency information available
2016-10-03 16:20:09,569 [Worker-44] WARN  o.e.m.c.i.embedder.EclipseLogger - The POM for com.sun.star:juh:jar:core-3.2.1 is missing, no dependency information available
2016-10-03 16:20:09,575 [Worker-44] WARN  o.e.m.c.i.embedder.EclipseLogger - The POM for com.sun.star:jurt:jar:core-3.2.1 is missing, no dependency information available
2016-10-03 16:20:09,581 [Worker-44] WARN  o.e.m.c.i.embedder.EclipseLogger - The POM for com.sun.star:ridl:jar:core-3.2.1 is missing, no dependency information available
2016-10-03 16:20:09,586 [Worker-44] WARN  o.e.m.c.i.embedder.EclipseLogger - The POM for com.sun.star:unoil:jar:core-3.2.1 is missing, no dependency information available
2016-10-03 16:20:11,389 [Worker-44] WARN  o.e.m.c.i.embedder.EclipseLogger - The POM for com.artofsolving:jodconverter:jar:core-3.0-beta-4 is missing, no dependency information available
2016-10-03 16:20:11,394 [Worker-44] WARN  o.e.m.c.i.embedder.EclipseLogger - The POM for com.sun.star:juh:jar:core-3.2.1 is missing, no dependency information available
2016-10-03 16:20:11,399 [Worker-44] WARN  o.e.m.c.i.embedder.EclipseLogger - The POM for com.sun.star:jurt:jar:core-3.2.1 is missing, no dependency information available
2016-10-03 16:20:11,405 [Worker-44] WARN  o.e.m.c.i.embedder.EclipseLogger - The POM for com.sun.star:ridl:jar:core-3.2.1 is missing, no dependency information available
2016-10-03 16:20:11,410 [Worker-44] WARN  o.e.m.c.i.embedder.EclipseLogger - The POM for com.sun.star:unoil:jar:core-3.2.1 is missing, no dependency information available
2016-10-03 16:21:28,671 [Worker-33] INFO  o.e.m.i.launch.MavenLaunchDelegate - D:\Projects\eclipse\ICBT\trunk\Source\StudentApp
2016-10-03 16:21:28,672 [Worker-33] INFO  o.e.m.i.launch.MavenLaunchDelegate -  mvn  -B clean
2016-10-03 16:21:32,476 [Worker-36] INFO  o.e.m.c.i.embedder.EclipseLogger - Using 'UTF-8' encoding to copy filtered resources.
2016-10-03 16:21:32,478 [Worker-36] INFO  o.e.m.c.i.embedder.EclipseLogger - Copying 32 resources
2016-10-03 16:21:32,599 [Worker-36] INFO  o.e.m.c.i.embedder.EclipseLogger - Using 'UTF-8' encoding to copy filtered resources.
2016-10-03 16:21:32,600 [Worker-36] INFO  o.e.m.c.i.embedder.EclipseLogger - Copying 4 resources
2016-10-03 16:21:32,608 [Worker-36] INFO  o.e.m.w.i.f.ResourceFilteringBuildParticipant - Changed resources require a complete clean of filtered resources of student
2016-10-03 16:21:32,608 [Worker-36] INFO  o.e.m.w.i.f.ResourceFilteringBuildParticipant - Executing resource filtering for student
2016-10-03 16:21:32,622 [Worker-36] INFO  o.e.m.c.i.embedder.EclipseLogger - Using 'UTF-8' encoding to copy filtered resources.
2016-10-03 16:21:42,351 [Worker-34] INFO  o.e.m.i.launch.MavenLaunchDelegate - D:\Projects\eclipse\ICBT\trunk\Source\StudentApp
2016-10-03 16:21:42,357 [Worker-34] INFO  o.e.m.i.launch.MavenLaunchDelegate -  mvn  -B install
2016-10-03 16:22:08,889 [Worker-41] INFO  o.e.m.c.i.embedder.EclipseLogger - Using 'UTF-8' encoding to copy filtered resources.
2016-10-03 16:22:08,905 [Worker-41] INFO  o.e.m.c.i.embedder.EclipseLogger - Copying 32 resources
2016-10-03 16:22:08,911 [Worker-41] INFO  o.e.m.c.i.embedder.EclipseLogger - Using 'UTF-8' encoding to copy filtered resources.
2016-10-03 16:22:08,912 [Worker-41] INFO  o.e.m.c.i.embedder.EclipseLogger - Copying 4 resources
2016-10-03 16:24:22,741 [Worker-38] INFO  o.e.m.c.i.embedder.EclipseLogger - Using 'UTF-8' encoding to copy filtered resources.
2016-10-03 16:24:22,741 [Worker-38] INFO  o.e.m.c.i.embedder.EclipseLogger - Copying 0 resource
2016-10-03 16:24:22,751 [Worker-38] INFO  o.e.m.c.i.embedder.EclipseLogger - Using 'UTF-8' encoding to copy filtered resources.
2016-10-03 16:24:22,752 [Worker-38] INFO  o.e.m.c.i.embedder.EclipseLogger - Copying 0 resource
2016-10-03 16:25:23,693 [Worker-38] INFO  o.e.m.c.i.embedder.EclipseLogger - Using 'UTF-8' encoding to copy filtered resources.
2016-10-03 16:25:23,701 [Worker-38] INFO  o.e.m.c.i.embedder.EclipseLogger - Copying 0 resource
2016-10-03 16:25:23,704 [Worker-38] INFO  o.e.m.c.i.embedder.EclipseLogger - Using 'UTF-8' encoding to copy filtered resources.
2016-10-03 16:25:23,704 [Worker-38] INFO  o.e.m.c.i.embedder.EclipseLogger - Copying 0 resource
2016-10-03 16:25:37,956 [Worker-46] INFO  o.e.m.i.launch.MavenLaunchDelegate - D:\Projects\eclipse\ICBT\trunk\Source\StudentApp
2016-10-03 16:25:37,956 [Worker-46] INFO  o.e.m.i.launch.MavenLaunchDelegate -  mvn  -B clean
2016-10-03 16:25:41,491 [Worker-49] INFO  o.e.m.c.i.embedder.EclipseLogger - Using 'UTF-8' encoding to copy filtered resources.
2016-10-03 16:25:41,493 [Worker-49] INFO  o.e.m.c.i.embedder.EclipseLogger - Copying 32 resources
2016-10-03 16:25:41,597 [Worker-49] INFO  o.e.m.c.i.embedder.EclipseLogger - Using 'UTF-8' encoding to copy filtered resources.
2016-10-03 16:25:41,598 [Worker-49] INFO  o.e.m.c.i.embedder.EclipseLogger - Copying 4 resources
2016-10-03 16:25:41,603 [Worker-49] INFO  o.e.m.w.i.f.ResourceFilteringBuildParticipant - Changed resources require a complete clean of filtered resources of student
2016-10-03 16:25:41,603 [Worker-49] INFO  o.e.m.w.i.f.ResourceFilteringBuildParticipant - Executing resource filtering for student
2016-10-03 16:25:41,614 [Worker-49] INFO  o.e.m.c.i.embedder.EclipseLogger - Using 'UTF-8' encoding to copy filtered resources.
2016-10-03 16:25:48,738 [Worker-41] INFO  o.e.m.i.launch.MavenLaunchDelegate - D:\Projects\eclipse\ICBT\trunk\Source\StudentApp
2016-10-03 16:25:48,738 [Worker-41] INFO  o.e.m.i.launch.MavenLaunchDelegate -  mvn  -B install
2016-10-03 16:26:13,970 [Worker-32] INFO  o.e.m.c.i.embedder.EclipseLogger - Using 'UTF-8' encoding to copy filtered resources.
2016-10-03 16:26:13,972 [Worker-32] INFO  o.e.m.c.i.embedder.EclipseLogger - Copying 32 resources
2016-10-03 16:26:13,977 [Worker-32] INFO  o.e.m.c.i.embedder.EclipseLogger - Using 'UTF-8' encoding to copy filtered resources.
2016-10-03 16:26:13,977 [Worker-32] INFO  o.e.m.c.i.embedder.EclipseLogger - Copying 4 resources
2016-10-03 16:28:47,659 [Worker-47] INFO  o.e.m.c.i.embedder.EclipseLogger - Using 'UTF-8' encoding to copy filtered resources.
2016-10-03 16:28:47,659 [Worker-47] INFO  o.e.m.c.i.embedder.EclipseLogger - Copying 0 resource
2016-10-03 16:28:47,661 [Worker-47] INFO  o.e.m.c.i.embedder.EclipseLogger - Using 'UTF-8' encoding to copy filtered resources.
2016-10-03 16:28:47,661 [Worker-47] INFO  o.e.m.c.i.embedder.EclipseLogger - Copying 0 resource
2016-10-03 16:29:43,712 [Worker-33] INFO  o.e.m.c.i.embedder.EclipseLogger - Using 'UTF-8' encoding to copy filtered resources.
2016-10-03 16:29:43,714 [Worker-33] INFO  o.e.m.c.i.embedder.EclipseLogger - Copying 32 resources
2016-10-03 16:29:43,725 [Worker-33] INFO  o.e.m.c.i.embedder.EclipseLogger - Using 'UTF-8' encoding to copy filtered resources.
2016-10-03 16:29:43,726 [Worker-33] INFO  o.e.m.c.i.embedder.EclipseLogger - Copying 0 resource
2016-10-03 16:31:12,830 [Worker-49] INFO  o.e.m.c.i.embedder.EclipseLogger - Using 'UTF-8' encoding to copy filtered resources.
2016-10-03 16:31:12,832 [Worker-49] INFO  o.e.m.c.i.embedder.EclipseLogger - Copying 32 resources
2016-10-03 16:31:12,837 [Worker-49] INFO  o.e.m.c.i.embedder.EclipseLogger - Using 'UTF-8' encoding to copy filtered resources.
2016-10-03 16:31:12,837 [Worker-49] INFO  o.e.m.c.i.embedder.EclipseLogger - Copying 4 resources
2016-10-03 16:31:20,061 [Worker-31] INFO  o.e.m.c.i.embedder.EclipseLogger - Using 'UTF-8' encoding to copy filtered resources.
2016-10-03 16:31:20,062 [Worker-31] INFO  o.e.m.c.i.embedder.EclipseLogger - Copying 32 resources
2016-10-03 16:31:20,067 [Worker-31] INFO  o.e.m.c.i.embedder.EclipseLogger - Using 'UTF-8' encoding to copy filtered resources.
2016-10-03 16:31:20,067 [Worker-31] INFO  o.e.m.c.i.embedder.EclipseLogger - Copying 0 resource
2016-10-03 16:31:24,496 [Worker-49] INFO  o.e.m.c.i.embedder.EclipseLogger - Using 'UTF-8' encoding to copy filtered resources.
2016-10-03 16:31:24,498 [Worker-49] INFO  o.e.m.c.i.embedder.EclipseLogger - Copying 32 resources
2016-10-03 16:31:24,503 [Worker-49] INFO  o.e.m.c.i.embedder.EclipseLogger - Using 'UTF-8' encoding to copy filtered resources.
2016-10-03 16:31:24,504 [Worker-49] INFO  o.e.m.c.i.embedder.EclipseLogger - Copying 4 resources
2016-10-03 16:31:38,262 [Worker-41] INFO  o.e.m.c.i.embedder.EclipseLogger - Using 'UTF-8' encoding to copy filtered resources.
2016-10-03 16:31:38,264 [Worker-41] INFO  o.e.m.c.i.embedder.EclipseLogger - Copying 32 resources
2016-10-03 16:31:38,273 [Worker-41] INFO  o.e.m.c.i.embedder.EclipseLogger - Using 'UTF-8' encoding to copy filtered resources.
2016-10-03 16:31:38,274 [Worker-41] INFO  o.e.m.c.i.embedder.EclipseLogger - Copying 0 resource
2016-10-03 16:31:40,763 [Worker-42] INFO  o.e.m.c.i.embedder.EclipseLogger - Using 'UTF-8' encoding to copy filtered resources.
2016-10-03 16:31:40,765 [Worker-42] INFO  o.e.m.c.i.embedder.EclipseLogger - Copying 32 resources
2016-10-03 16:31:40,771 [Worker-42] INFO  o.e.m.c.i.embedder.EclipseLogger - Using 'UTF-8' encoding to copy filtered resources.
2016-10-03 16:31:40,771 [Worker-42] INFO  o.e.m.c.i.embedder.EclipseLogger - Copying 0 resource
2016-10-03 16:31:45,841 [Worker-42] INFO  o.e.m.c.i.embedder.EclipseLogger - Using 'UTF-8' encoding to copy filtered resources.
2016-10-03 16:31:45,848 [Worker-42] INFO  o.e.m.c.i.embedder.EclipseLogger - Copying 32 resources
2016-10-03 16:31:45,852 [Worker-42] INFO  o.e.m.c.i.embedder.EclipseLogger - Using 'UTF-8' encoding to copy filtered resources.
2016-10-03 16:31:45,852 [Worker-42] INFO  o.e.m.c.i.embedder.EclipseLogger - Copying 0 resource
2016-10-03 16:31:49,825 [Worker-39] INFO  o.e.m.c.i.embedder.EclipseLogger - Using 'UTF-8' encoding to copy filtered resources.
2016-10-03 16:31:49,826 [Worker-39] INFO  o.e.m.c.i.embedder.EclipseLogger - Copying 32 resources
2016-10-03 16:31:49,831 [Worker-39] INFO  o.e.m.c.i.embedder.EclipseLogger - Using 'UTF-8' encoding to copy filtered resources.
2016-10-03 16:31:49,831 [Worker-39] INFO  o.e.m.c.i.embedder.EclipseLogger - Copying 0 resource
2016-10-03 16:32:28,479 [Worker-46] INFO  o.e.m.c.i.embedder.EclipseLogger - Using 'UTF-8' encoding to copy filtered resources.
2016-10-03 16:32:28,481 [Worker-46] INFO  o.e.m.c.i.embedder.EclipseLogger - Copying 32 resources
2016-10-03 16:32:28,485 [Worker-46] INFO  o.e.m.c.i.embedder.EclipseLogger - Using 'UTF-8' encoding to copy filtered resources.
2016-10-03 16:32:28,486 [Worker-46] INFO  o.e.m.c.i.embedder.EclipseLogger - Copying 4 resources
2016-10-03 16:32:30,892 [Worker-33] INFO  o.e.m.c.i.embedder.EclipseLogger - Using 'UTF-8' encoding to copy filtered resources.
2016-10-03 16:32:30,893 [Worker-33] INFO  o.e.m.c.i.embedder.EclipseLogger - Copying 32 resources
2016-10-03 16:32:30,898 [Worker-33] INFO  o.e.m.c.i.embedder.EclipseLogger - Using 'UTF-8' encoding to copy filtered resources.
2016-10-03 16:32:30,898 [Worker-33] INFO  o.e.m.c.i.embedder.EclipseLogger - Copying 0 resource
2016-10-03 16:33:02,930 [Worker-44] INFO  o.e.m.c.i.embedder.EclipseLogger - Using 'UTF-8' encoding to copy filtered resources.
2016-10-03 16:33:02,933 [Worker-44] INFO  o.e.m.c.i.embedder.EclipseLogger - Copying 32 resources
2016-10-03 16:33:02,953 [Worker-44] INFO  o.e.m.c.i.embedder.EclipseLogger - Using 'UTF-8' encoding to copy filtered resources.
2016-10-03 16:33:02,954 [Worker-44] INFO  o.e.m.c.i.embedder.EclipseLogger - Copying 0 resource
2016-10-03 16:33:29,385 [Worker-39] INFO  o.e.m.c.i.embedder.EclipseLogger - Using 'UTF-8' encoding to copy filtered resources.
2016-10-03 16:33:29,386 [Worker-39] INFO  o.e.m.c.i.embedder.EclipseLogger - Copying 32 resources
2016-10-03 16:33:29,390 [Worker-39] INFO  o.e.m.c.i.embedder.EclipseLogger - Using 'UTF-8' encoding to copy filtered resources.
2016-10-03 16:33:29,390 [Worker-39] INFO  o.e.m.c.i.embedder.EclipseLogger - Copying 0 resource
2016-10-03 16:33:43,752 [Worker-39] INFO  o.e.m.c.i.embedder.EclipseLogger - Using 'UTF-8' encoding to copy filtered resources.
2016-10-03 16:33:43,754 [Worker-39] INFO  o.e.m.c.i.embedder.EclipseLogger - Copying 32 resources
2016-10-03 16:33:43,758 [Worker-39] INFO  o.e.m.c.i.embedder.EclipseLogger - Using 'UTF-8' encoding to copy filtered resources.
2016-10-03 16:33:43,759 [Worker-39] INFO  o.e.m.c.i.embedder.EclipseLogger - Copying 0 resource
2016-10-03 16:33:55,719 [Worker-27] INFO  o.e.m.c.i.embedder.EclipseLogger - Using 'UTF-8' encoding to copy filtered resources.
2016-10-03 16:33:55,720 [Worker-27] INFO  o.e.m.c.i.embedder.EclipseLogger - Copying 32 resources
2016-10-03 16:33:55,723 [Worker-27] INFO  o.e.m.c.i.embedder.EclipseLogger - Using 'UTF-8' encoding to copy filtered resources.
2016-10-03 16:33:55,723 [Worker-27] INFO  o.e.m.c.i.embedder.EclipseLogger - Copying 0 resource
2016-10-03 16:34:13,508 [Worker-39] INFO  o.e.m.c.i.embedder.EclipseLogger - Using 'UTF-8' encoding to copy filtered resources.
2016-10-03 16:34:13,509 [Worker-39] INFO  o.e.m.c.i.embedder.EclipseLogger - Copying 32 resources
2016-10-03 16:34:13,516 [Worker-39] INFO  o.e.m.c.i.embedder.EclipseLogger - Using 'UTF-8' encoding to copy filtered resources.
2016-10-03 16:34:13,516 [Worker-39] INFO  o.e.m.c.i.embedder.EclipseLogger - Copying 0 resource
2016-10-03 16:34:48,543 [Worker-45] INFO  o.e.m.c.i.embedder.EclipseLogger - Using 'UTF-8' encoding to copy filtered resources.
2016-10-03 16:34:48,545 [Worker-45] INFO  o.e.m.c.i.embedder.EclipseLogger - Copying 32 resources
2016-10-03 16:34:48,548 [Worker-45] INFO  o.e.m.c.i.embedder.EclipseLogger - Using 'UTF-8' encoding to copy filtered resources.
2016-10-03 16:34:48,548 [Worker-45] INFO  o.e.m.c.i.embedder.EclipseLogger - Copying 0 resource
2016-10-03 16:34:57,754 [Worker-38] INFO  o.e.m.c.i.embedder.EclipseLogger - Using 'UTF-8' encoding to copy filtered resources.
2016-10-03 16:34:57,755 [Worker-38] INFO  o.e.m.c.i.embedder.EclipseLogger - Copying 32 resources
2016-10-03 16:34:57,760 [Worker-38] INFO  o.e.m.c.i.embedder.EclipseLogger - Using 'UTF-8' encoding to copy filtered resources.
2016-10-03 16:34:57,761 [Worker-38] INFO  o.e.m.c.i.embedder.EclipseLogger - Copying 0 resource
2016-10-03 16:35:08,672 [Worker-47] INFO  o.e.m.c.i.embedder.EclipseLogger - Using 'UTF-8' encoding to copy filtered resources.
2016-10-03 16:35:08,673 [Worker-47] INFO  o.e.m.c.i.embedder.EclipseLogger - Copying 32 resources
2016-10-03 16:35:08,678 [Worker-47] INFO  o.e.m.c.i.embedder.EclipseLogger - Using 'UTF-8' encoding to copy filtered resources.
2016-10-03 16:35:08,678 [Worker-47] INFO  o.e.m.c.i.embedder.EclipseLogger - Copying 0 resource
2016-10-03 16:35:18,081 [Worker-44] INFO  o.e.m.c.i.embedder.EclipseLogger - Using 'UTF-8' encoding to copy filtered resources.
2016-10-03 16:35:18,084 [Worker-44] INFO  o.e.m.c.i.embedder.EclipseLogger - Copying 32 resources
2016-10-03 16:35:18,102 [Worker-44] INFO  o.e.m.c.i.embedder.EclipseLogger - Using 'UTF-8' encoding to copy filtered resources.
2016-10-03 16:35:18,104 [Worker-44] INFO  o.e.m.c.i.embedder.EclipseLogger - Copying 4 resources
2016-10-03 16:35:26,276 [Worker-42] INFO  o.e.m.c.i.embedder.EclipseLogger - Using 'UTF-8' encoding to copy filtered resources.
2016-10-03 16:35:26,278 [Worker-42] INFO  o.e.m.c.i.embedder.EclipseLogger - Copying 32 resources
2016-10-03 16:35:26,287 [Worker-42] INFO  o.e.m.c.i.embedder.EclipseLogger - Using 'UTF-8' encoding to copy filtered resources.
2016-10-03 16:35:26,288 [Worker-42] INFO  o.e.m.c.i.embedder.EclipseLogger - Copying 4 resources
2016-10-03 16:35:30,957 [Worker-33] INFO  o.e.m.c.i.embedder.EclipseLogger - Using 'UTF-8' encoding to copy filtered resources.
2016-10-03 16:35:30,968 [Worker-33] INFO  o.e.m.c.i.embedder.EclipseLogger - Copying 32 resources
2016-10-03 16:35:30,988 [Worker-33] INFO  o.e.m.c.i.embedder.EclipseLogger - Using 'UTF-8' encoding to copy filtered resources.
2016-10-03 16:35:30,988 [Worker-33] INFO  o.e.m.c.i.embedder.EclipseLogger - Copying 0 resource
2016-10-03 16:35:36,866 [Worker-34] INFO  o.e.m.c.i.embedder.EclipseLogger - Using 'UTF-8' encoding to copy filtered resources.
2016-10-03 16:35:36,869 [Worker-34] INFO  o.e.m.c.i.embedder.EclipseLogger - Copying 32 resources
2016-10-03 16:35:36,878 [Worker-34] INFO  o.e.m.c.i.embedder.EclipseLogger - Using 'UTF-8' encoding to copy filtered resources.
2016-10-03 16:35:36,878 [Worker-34] INFO  o.e.m.c.i.embedder.EclipseLogger - Copying 0 resource
2016-10-03 16:35:44,758 [Worker-43] INFO  o.e.m.c.i.embedder.EclipseLogger - Using 'UTF-8' encoding to copy filtered resources.
2016-10-03 16:35:44,759 [Worker-43] INFO  o.e.m.c.i.embedder.EclipseLogger - Copying 32 resources
2016-10-03 16:35:44,762 [Worker-43] INFO  o.e.m.c.i.embedder.EclipseLogger - Using 'UTF-8' encoding to copy filtered resources.
2016-10-03 16:35:44,768 [Worker-43] INFO  o.e.m.c.i.embedder.EclipseLogger - Copying 0 resource
2016-10-03 16:36:00,428 [Worker-39] INFO  o.e.m.c.i.embedder.EclipseLogger - Using 'UTF-8' encoding to copy filtered resources.
2016-10-03 16:36:00,429 [Worker-39] INFO  o.e.m.c.i.embedder.EclipseLogger - Copying 32 resources
2016-10-03 16:36:00,432 [Worker-39] INFO  o.e.m.c.i.embedder.EclipseLogger - Using 'UTF-8' encoding to copy filtered resources.
2016-10-03 16:36:00,432 [Worker-39] INFO  o.e.m.c.i.embedder.EclipseLogger - Copying 0 resource
2016-10-03 16:36:08,129 [Worker-43] INFO  o.e.m.i.launch.MavenLaunchDelegate - D:\Projects\eclipse\ICBT\trunk\Source\StudentApp
2016-10-03 16:36:08,129 [Worker-43] INFO  o.e.m.i.launch.MavenLaunchDelegate -  mvn  -B clean
2016-10-03 16:36:12,844 [Worker-47] INFO  o.e.m.c.i.embedder.EclipseLogger - Using 'UTF-8' encoding to copy filtered resources.
2016-10-03 16:36:12,845 [Worker-47] INFO  o.e.m.c.i.embedder.EclipseLogger - Copying 32 resources
2016-10-03 16:36:12,939 [Worker-47] INFO  o.e.m.c.i.embedder.EclipseLogger - Using 'UTF-8' encoding to copy filtered resources.
2016-10-03 16:36:12,939 [Worker-47] INFO  o.e.m.c.i.embedder.EclipseLogger - Copying 4 resources
2016-10-03 16:36:12,944 [Worker-47] INFO  o.e.m.w.i.f.ResourceFilteringBuildParticipant - Changed resources require a complete clean of filtered resources of student
2016-10-03 16:36:12,944 [Worker-47] INFO  o.e.m.w.i.f.ResourceFilteringBuildParticipant - Executing resource filtering for student
2016-10-03 16:36:12,958 [Worker-47] INFO  o.e.m.c.i.embedder.EclipseLogger - Using 'UTF-8' encoding to copy filtered resources.
2016-10-03 16:36:31,218 [Worker-34] INFO  o.e.m.i.launch.MavenLaunchDelegate - D:\Projects\eclipse\ICBT\trunk\Source\StudentApp
2016-10-03 16:36:31,218 [Worker-34] INFO  o.e.m.i.launch.MavenLaunchDelegate -  mvn  -B install
2016-10-03 16:36:40,962 [Worker-32] INFO  o.e.m.c.i.embedder.EclipseLogger - Using 'UTF-8' encoding to copy filtered resources.
2016-10-03 16:36:40,964 [Worker-32] INFO  o.e.m.c.i.embedder.EclipseLogger - Copying 32 resources
2016-10-03 16:36:40,969 [Worker-32] INFO  o.e.m.c.i.embedder.EclipseLogger - Using 'UTF-8' encoding to copy filtered resources.
2016-10-03 16:36:40,970 [Worker-32] INFO  o.e.m.c.i.embedder.EclipseLogger - Copying 0 resource
2016-10-03 16:37:01,311 [Worker-31] INFO  o.e.m.c.i.embedder.EclipseLogger - Using 'UTF-8' encoding to copy filtered resources.
2016-10-03 16:37:01,312 [Worker-31] INFO  o.e.m.c.i.embedder.EclipseLogger - Copying 0 resource
2016-10-03 16:37:01,313 [Worker-31] INFO  o.e.m.c.i.embedder.EclipseLogger - Using 'UTF-8' encoding to copy filtered resources.
2016-10-03 16:37:01,313 [Worker-31] INFO  o.e.m.c.i.embedder.EclipseLogger - Copying 4 resources
2016-10-03 16:37:06,446 [Worker-37] INFO  o.e.m.i.launch.MavenLaunchDelegate - D:\Projects\eclipse\ICBT\trunk\Source\StudentApp
2016-10-03 16:37:06,446 [Worker-37] INFO  o.e.m.i.launch.MavenLaunchDelegate -  mvn  -B clean
2016-10-03 16:37:09,830 [Worker-47] INFO  o.e.m.c.i.embedder.EclipseLogger - Using 'UTF-8' encoding to copy filtered resources.
2016-10-03 16:37:09,831 [Worker-47] INFO  o.e.m.c.i.embedder.EclipseLogger - Copying 32 resources
2016-10-03 16:37:09,909 [Worker-47] INFO  o.e.m.c.i.embedder.EclipseLogger - Using 'UTF-8' encoding to copy filtered resources.
2016-10-03 16:37:09,909 [Worker-47] INFO  o.e.m.c.i.embedder.EclipseLogger - Copying 4 resources
2016-10-03 16:37:09,915 [Worker-47] INFO  o.e.m.w.i.f.ResourceFilteringBuildParticipant - Changed resources require a complete clean of filtered resources of student
2016-10-03 16:37:09,915 [Worker-47] INFO  o.e.m.w.i.f.ResourceFilteringBuildParticipant - Executing resource filtering for student
2016-10-03 16:37:09,917 [Worker-47] INFO  o.e.m.c.i.embedder.EclipseLogger - Using 'UTF-8' encoding to copy filtered resources.
2016-10-03 16:37:29,939 [Worker-41] INFO  o.e.m.i.launch.MavenLaunchDelegate - D:\Projects\eclipse\ICBT\trunk\Source\StudentApp
2016-10-03 16:37:29,939 [Worker-41] INFO  o.e.m.i.launch.MavenLaunchDelegate -  mvn  -B install
2016-10-03 16:37:53,829 [Worker-32] INFO  o.e.m.c.i.embedder.EclipseLogger - Using 'UTF-8' encoding to copy filtered resources.
2016-10-03 16:37:53,830 [Worker-32] INFO  o.e.m.c.i.embedder.EclipseLogger - Copying 32 resources
2016-10-03 16:37:53,834 [Worker-32] INFO  o.e.m.c.i.embedder.EclipseLogger - Using 'UTF-8' encoding to copy filtered resources.
2016-10-03 16:37:53,834 [Worker-32] INFO  o.e.m.c.i.embedder.EclipseLogger - Copying 0 resource
2016-10-03 16:41:29,474 [Worker-34] INFO  o.e.m.c.i.embedder.EclipseLogger - Using 'UTF-8' encoding to copy filtered resources.
2016-10-03 16:41:29,475 [Worker-34] INFO  o.e.m.c.i.embedder.EclipseLogger - Copying 0 resource
2016-10-03 16:41:29,476 [Worker-34] INFO  o.e.m.c.i.embedder.EclipseLogger - Using 'UTF-8' encoding to copy filtered resources.
2016-10-03 16:41:29,476 [Worker-34] INFO  o.e.m.c.i.embedder.EclipseLogger - Copying 0 resource
2016-10-03 16:43:33,266 [Worker-27] INFO  o.e.m.c.i.embedder.EclipseLogger - Using 'UTF-8' encoding to copy filtered resources.
2016-10-03 16:43:33,267 [Worker-27] INFO  o.e.m.c.i.embedder.EclipseLogger - Copying 0 resource
2016-10-03 16:43:33,268 [Worker-27] INFO  o.e.m.c.i.embedder.EclipseLogger - Using 'UTF-8' encoding to copy filtered resources.
2016-10-03 16:43:33,268 [Worker-27] INFO  o.e.m.c.i.embedder.EclipseLogger - Copying 0 resource
2016-10-03 16:46:16,806 [Worker-44] INFO  o.e.m.c.i.embedder.EclipseLogger - Using 'UTF-8' encoding to copy filtered resources.
2016-10-03 16:46:16,807 [Worker-44] INFO  o.e.m.c.i.embedder.EclipseLogger - Copying 32 resources
2016-10-03 16:46:16,811 [Worker-44] INFO  o.e.m.c.i.embedder.EclipseLogger - Using 'UTF-8' encoding to copy filtered resources.
2016-10-03 16:46:16,811 [Worker-44] INFO  o.e.m.c.i.embedder.EclipseLogger - Copying 0 resource
2016-10-03 16:46:24,544 [Worker-42] INFO  o.e.m.c.i.embedder.EclipseLogger - Using 'UTF-8' encoding to copy filtered resources.
2016-10-03 16:46:24,545 [Worker-42] INFO  o.e.m.c.i.embedder.EclipseLogger - Copying 32 resources
2016-10-03 16:46:24,549 [Worker-42] INFO  o.e.m.c.i.embedder.EclipseLogger - Using 'UTF-8' encoding to copy filtered resources.
2016-10-03 16:46:24,549 [Worker-42] INFO  o.e.m.c.i.embedder.EclipseLogger - Copying 0 resource
2016-10-03 16:46:52,233 [Worker-46] INFO  o.e.m.c.i.embedder.EclipseLogger - Using 'UTF-8' encoding to copy filtered resources.
2016-10-03 16:46:52,234 [Worker-46] INFO  o.e.m.c.i.embedder.EclipseLogger - Copying 32 resources
2016-10-03 16:46:52,237 [Worker-46] INFO  o.e.m.c.i.embedder.EclipseLogger - Using 'UTF-8' encoding to copy filtered resources.
2016-10-03 16:46:52,237 [Worker-46] INFO  o.e.m.c.i.embedder.EclipseLogger - Copying 0 resource
2016-10-03 16:47:55,362 [Worker-37] INFO  o.e.m.c.i.embedder.EclipseLogger - Using 'UTF-8' encoding to copy filtered resources.
2016-10-03 16:47:55,362 [Worker-37] INFO  o.e.m.c.i.embedder.EclipseLogger - Copying 0 resource
2016-10-03 16:47:55,364 [Worker-37] INFO  o.e.m.c.i.embedder.EclipseLogger - Using 'UTF-8' encoding to copy filtered resources.
2016-10-03 16:47:55,364 [Worker-37] INFO  o.e.m.c.i.embedder.EclipseLogger - Copying 0 resource
2016-10-03 16:49:39,983 [Worker-41] INFO  o.e.m.i.launch.MavenLaunchDelegate - D:\Projects\eclipse\ICBT\trunk\Source\StudentApp
2016-10-03 16:49:39,983 [Worker-41] INFO  o.e.m.i.launch.MavenLaunchDelegate -  mvn  -B clean
2016-10-03 16:49:46,937 [Worker-27] INFO  o.e.m.i.launch.MavenLaunchDelegate - D:\Projects\eclipse\ICBT\trunk\Source\StudentApp
2016-10-03 16:49:46,938 [Worker-27] INFO  o.e.m.i.launch.MavenLaunchDelegate -  mvn  -B install
2016-10-03 16:51:40,356 [Worker-7] INFO  o.e.m.c.i.embedder.EclipseLogger - Using 'UTF-8' encoding to copy filtered resources.
2016-10-03 16:51:40,357 [Worker-7] INFO  o.e.m.c.i.embedder.EclipseLogger - Copying 32 resources
2016-10-03 16:51:40,361 [Worker-7] INFO  o.e.m.c.i.embedder.EclipseLogger - Using 'UTF-8' encoding to copy filtered resources.
2016-10-03 16:51:40,361 [Worker-7] INFO  o.e.m.c.i.embedder.EclipseLogger - Copying 0 resource
2016-10-03 16:51:40,361 [Worker-7] INFO  o.e.m.w.i.f.ResourceFilteringBuildParticipant - Changed resources require a complete clean of filtered resources of student
2016-10-03 16:51:40,361 [Worker-7] INFO  o.e.m.w.i.f.ResourceFilteringBuildParticipant - Executing resource filtering for student
2016-10-03 16:51:40,375 [Worker-7] INFO  o.e.m.c.i.embedder.EclipseLogger - Using 'UTF-8' encoding to copy filtered resources.
2016-10-03 16:52:22,254 [Worker-43] INFO  o.e.m.i.launch.MavenLaunchDelegate - D:\Projects\eclipse\ICBT\trunk\Source\StudentApp
2016-10-03 16:52:22,255 [Worker-43] INFO  o.e.m.i.launch.MavenLaunchDelegate -  mvn  -B clean
2016-10-03 16:52:25,856 [Worker-37] INFO  o.e.m.c.i.embedder.EclipseLogger - Using 'UTF-8' encoding to copy filtered resources.
2016-10-03 16:52:25,858 [Worker-37] INFO  o.e.m.c.i.embedder.EclipseLogger - Copying 32 resources
2016-10-03 16:52:25,938 [Worker-37] INFO  o.e.m.c.i.embedder.EclipseLogger - Using 'UTF-8' encoding to copy filtered resources.
2016-10-03 16:52:25,939 [Worker-37] INFO  o.e.m.c.i.embedder.EclipseLogger - Copying 4 resources
2016-10-03 16:52:25,945 [Worker-37] INFO  o.e.m.w.i.f.ResourceFilteringBuildParticipant - Changed resources require a complete clean of filtered resources of student
2016-10-03 16:52:25,945 [Worker-37] INFO  o.e.m.w.i.f.ResourceFilteringBuildParticipant - Executing resource filtering for student
2016-10-03 16:52:25,948 [Worker-37] INFO  o.e.m.c.i.embedder.EclipseLogger - Using 'UTF-8' encoding to copy filtered resources.
2016-10-03 16:52:33,670 [Worker-44] INFO  o.e.m.i.launch.MavenLaunchDelegate - D:\Projects\eclipse\ICBT\trunk\Source\StudentApp
2016-10-03 16:52:33,670 [Worker-44] INFO  o.e.m.i.launch.MavenLaunchDelegate -  mvn  -B install
2016-10-03 16:56:04,568 [Worker-7] INFO  o.e.m.c.i.embedder.EclipseLogger - Using 'UTF-8' encoding to copy filtered resources.
2016-10-03 16:56:04,570 [Worker-7] INFO  o.e.m.c.i.embedder.EclipseLogger - Copying 1 resource
2016-10-03 16:56:04,572 [Worker-7] INFO  o.e.m.c.i.embedder.EclipseLogger - Using 'UTF-8' encoding to copy filtered resources.
2016-10-03 16:56:04,572 [Worker-7] INFO  o.e.m.c.i.embedder.EclipseLogger - Copying 0 resource
2016-10-03 16:56:50,429 [Worker-41] INFO  o.e.m.i.launch.MavenLaunchDelegate - D:\Projects\eclipse\ICBT\trunk\Source\StudentApp
2016-10-03 16:56:50,429 [Worker-41] INFO  o.e.m.i.launch.MavenLaunchDelegate -  mvn  -B clean
2016-10-03 16:56:59,362 [Worker-7] INFO  o.e.m.i.launch.MavenLaunchDelegate - D:\Projects\eclipse\ICBT\trunk\Source\StudentApp
2016-10-03 16:56:59,363 [Worker-7] INFO  o.e.m.i.launch.MavenLaunchDelegate -  mvn  -B install
2016-10-03 16:58:43,227 [Worker-7] INFO  o.e.m.c.i.embedder.EclipseLogger - Using 'UTF-8' encoding to copy filtered resources.
2016-10-03 16:58:43,228 [Worker-7] INFO  o.e.m.c.i.embedder.EclipseLogger - Copying 0 resource
2016-10-03 16:58:43,229 [Worker-7] INFO  o.e.m.c.i.embedder.EclipseLogger - Using 'UTF-8' encoding to copy filtered resources.
2016-10-03 16:58:43,229 [Worker-7] INFO  o.e.m.c.i.embedder.EclipseLogger - Copying 0 resource
2016-10-03 16:58:43,229 [Worker-7] INFO  o.e.m.w.i.f.ResourceFilteringBuildParticipant - Changed resources require a complete clean of filtered resources of student
2016-10-03 16:58:43,229 [Worker-7] INFO  o.e.m.w.i.f.ResourceFilteringBuildParticipant - Executing resource filtering for student
2016-10-03 16:58:43,245 [Worker-7] INFO  o.e.m.c.i.embedder.EclipseLogger - Using 'UTF-8' encoding to copy filtered resources.
2016-10-03 17:05:35,495 [Worker-59] INFO  o.e.m.c.i.embedder.EclipseLogger - Using 'UTF-8' encoding to copy filtered resources.
2016-10-03 17:05:35,495 [Worker-59] INFO  o.e.m.c.i.embedder.EclipseLogger - Copying 0 resource
2016-10-03 17:05:35,496 [Worker-59] INFO  o.e.m.c.i.embedder.EclipseLogger - Using 'UTF-8' encoding to copy filtered resources.
2016-10-03 17:05:35,497 [Worker-59] INFO  o.e.m.c.i.embedder.EclipseLogger - Copying 0 resource
2016-10-04 09:38:38,325 [Worker-1] WARN  o.e.m.c.i.embedder.EclipseLogger - The POM for com.artofsolving:jodconverter:jar:core-3.0-beta-4 is missing, no dependency information available
2016-10-04 09:38:38,334 [Worker-1] WARN  o.e.m.c.i.embedder.EclipseLogger - The POM for com.sun.star:juh:jar:core-3.2.1 is missing, no dependency information available
2016-10-04 09:38:38,339 [Worker-1] WARN  o.e.m.c.i.embedder.EclipseLogger - The POM for com.sun.star:jurt:jar:core-3.2.1 is missing, no dependency information available
2016-10-04 09:38:38,344 [Worker-1] WARN  o.e.m.c.i.embedder.EclipseLogger - The POM for com.sun.star:ridl:jar:core-3.2.1 is missing, no dependency information available
2016-10-04 09:38:38,348 [Worker-1] WARN  o.e.m.c.i.embedder.EclipseLogger - The POM for com.sun.star:unoil:jar:core-3.2.1 is missing, no dependency information available
2016-10-04 09:38:43,977 [Worker-1] INFO  o.e.m.c.i.embedder.EclipseLogger - Using 'UTF-8' encoding to copy filtered resources.
2016-10-04 09:38:44,025 [Worker-1] INFO  o.e.m.c.i.embedder.EclipseLogger - Copying 32 resources
2016-10-04 09:38:44,053 [Worker-1] INFO  o.e.m.c.i.embedder.EclipseLogger - Using 'UTF-8' encoding to copy filtered resources.
2016-10-04 09:38:44,054 [Worker-1] INFO  o.e.m.c.i.embedder.EclipseLogger - Copying 4 resources
2016-10-04 09:48:45,291 [Worker-17] INFO  o.e.m.c.i.embedder.EclipseLogger - Using 'UTF-8' encoding to copy filtered resources.
2016-10-04 09:48:45,318 [Worker-17] INFO  o.e.m.c.i.embedder.EclipseLogger - Copying 32 resources
2016-10-04 09:48:45,329 [Worker-17] INFO  o.e.m.c.i.embedder.EclipseLogger - Using 'UTF-8' encoding to copy filtered resources.
2016-10-04 09:48:45,330 [Worker-17] INFO  o.e.m.c.i.embedder.EclipseLogger - Copying 0 resource
2016-10-04 09:50:36,783 [Worker-26] INFO  o.e.m.c.i.embedder.EclipseLogger - Using 'UTF-8' encoding to copy filtered resources.
2016-10-04 09:50:36,788 [Worker-26] INFO  o.e.m.c.i.embedder.EclipseLogger - Copying 1 resource
2016-10-04 09:50:36,795 [Worker-26] INFO  o.e.m.c.i.embedder.EclipseLogger - Using 'UTF-8' encoding to copy filtered resources.
2016-10-04 09:50:36,796 [Worker-26] INFO  o.e.m.c.i.embedder.EclipseLogger - Copying 0 resource
2016-10-04 09:54:17,124 [Worker-28] INFO  o.e.m.c.i.embedder.EclipseLogger - Using 'UTF-8' encoding to copy filtered resources.
2016-10-04 09:54:17,126 [Worker-28] INFO  o.e.m.c.i.embedder.EclipseLogger - Copying 32 resources
2016-10-04 09:54:17,135 [Worker-28] INFO  o.e.m.c.i.embedder.EclipseLogger - Using 'UTF-8' encoding to copy filtered resources.
2016-10-04 09:54:17,135 [Worker-28] INFO  o.e.m.c.i.embedder.EclipseLogger - Copying 0 resource
2016-10-04 09:56:15,608 [Worker-38] INFO  o.e.m.c.i.l.LifecycleMappingFactory - Using org.maven.ide.eclipse.wtp.WarLifecycleMapping lifecycle mapping for MavenProject: lk.icbt.std:student:0.0.1-SNAPSHOT @ D:\Projects\eclipse\ICBT\trunk\Source\StudentApp\pom.xml.
2016-10-04 09:56:17,473 [Worker-38] WARN  o.e.m.c.i.embedder.EclipseLogger - The POM for com.artofsolving:jodconverter:jar:core-3.0-beta-4 is missing, no dependency information available
2016-10-04 09:56:17,487 [Worker-38] WARN  o.e.m.c.i.embedder.EclipseLogger - The POM for com.sun.star:juh:jar:core-3.2.1 is missing, no dependency information available
2016-10-04 09:56:17,503 [Worker-38] WARN  o.e.m.c.i.embedder.EclipseLogger - The POM for com.sun.star:jurt:jar:core-3.2.1 is missing, no dependency information available
2016-10-04 09:56:17,514 [Worker-38] WARN  o.e.m.c.i.embedder.EclipseLogger - The POM for com.sun.star:ridl:jar:core-3.2.1 is missing, no dependency information available
2016-10-04 09:56:17,522 [Worker-38] WARN  o.e.m.c.i.embedder.EclipseLogger - The POM for com.sun.star:unoil:jar:core-3.2.1 is missing, no dependency information available
2016-10-04 09:56:20,006 [Worker-38] WARN  o.e.m.c.i.embedder.EclipseLogger - The POM for com.artofsolving:jodconverter:jar:core-3.0-beta-4 is missing, no dependency information available
2016-10-04 09:56:20,011 [Worker-38] WARN  o.e.m.c.i.embedder.EclipseLogger - The POM for com.sun.star:juh:jar:core-3.2.1 is missing, no dependency information available
2016-10-04 09:56:20,016 [Worker-38] WARN  o.e.m.c.i.embedder.EclipseLogger - The POM for com.sun.star:jurt:jar:core-3.2.1 is missing, no dependency information available
2016-10-04 09:56:20,021 [Worker-38] WARN  o.e.m.c.i.embedder.EclipseLogger - The POM for com.sun.star:ridl:jar:core-3.2.1 is missing, no dependency information available
2016-10-04 09:56:20,026 [Worker-38] WARN  o.e.m.c.i.embedder.EclipseLogger - The POM for com.sun.star:unoil:jar:core-3.2.1 is missing, no dependency information available
2016-10-04 09:56:25,141 [Worker-38] INFO  o.e.m.c.i.embedder.EclipseLogger - Using 'UTF-8' encoding to copy filtered resources.
2016-10-04 09:56:25,144 [Worker-38] INFO  o.e.m.c.i.embedder.EclipseLogger - Copying 0 resource
2016-10-04 09:56:25,146 [Worker-38] INFO  o.e.m.c.i.embedder.EclipseLogger - Using 'UTF-8' encoding to copy filtered resources.
2016-10-04 09:56:25,147 [Worker-38] INFO  o.e.m.c.i.embedder.EclipseLogger - Copying 0 resource
2016-10-04 09:56:25,147 [Worker-38] INFO  o.e.m.w.i.f.ResourceFilteringBuildParticipant - Changed resources require a complete clean of filtered resources of student
2016-10-04 09:56:25,148 [Worker-38] INFO  o.e.m.w.i.f.ResourceFilteringBuildParticipant - Executing resource filtering for student
2016-10-04 09:56:25,156 [Worker-38] INFO  o.e.m.c.i.embedder.EclipseLogger - Using 'UTF-8' encoding to copy filtered resources.
2016-10-04 09:56:26,592 [Worker-35] WARN  o.e.m.c.i.embedder.EclipseLogger - The POM for com.artofsolving:jodconverter:jar:core-3.0-beta-4 is missing, no dependency information available
2016-10-04 09:56:26,659 [Worker-35] WARN  o.e.m.c.i.embedder.EclipseLogger - The POM for com.sun.star:juh:jar:core-3.2.1 is missing, no dependency information available
2016-10-04 09:56:26,711 [Worker-35] WARN  o.e.m.c.i.embedder.EclipseLogger - The POM for com.sun.star:jurt:jar:core-3.2.1 is missing, no dependency information available
2016-10-04 09:56:26,715 [Worker-35] WARN  o.e.m.c.i.embedder.EclipseLogger - The POM for com.sun.star:ridl:jar:core-3.2.1 is missing, no dependency information available
2016-10-04 09:56:26,720 [Worker-35] WARN  o.e.m.c.i.embedder.EclipseLogger - The POM for com.sun.star:unoil:jar:core-3.2.1 is missing, no dependency information available
2016-10-04 09:56:27,968 [Worker-33] INFO  o.e.m.c.i.l.LifecycleMappingFactory - Using org.maven.ide.eclipse.wtp.WarLifecycleMapping lifecycle mapping for MavenProject: com.lk.std:student:0.0.1-SNAPSHOT @ D:\Projects\eclipse\ICBT\trunk\Source\StudentApp\pom.xml.
2016-10-04 09:56:29,235 [Worker-33] WARN  o.e.m.c.i.embedder.EclipseLogger - The POM for com.artofsolving:jodconverter:jar:core-3.0-beta-4 is missing, no dependency information available
2016-10-04 09:56:29,241 [Worker-33] WARN  o.e.m.c.i.embedder.EclipseLogger - The POM for com.sun.star:juh:jar:core-3.2.1 is missing, no dependency information available
2016-10-04 09:56:29,249 [Worker-33] WARN  o.e.m.c.i.embedder.EclipseLogger - The POM for com.sun.star:jurt:jar:core-3.2.1 is missing, no dependency information available
2016-10-04 09:56:29,257 [Worker-33] WARN  o.e.m.c.i.embedder.EclipseLogger - The POM for com.sun.star:ridl:jar:core-3.2.1 is missing, no dependency information available
2016-10-04 09:56:29,263 [Worker-33] WARN  o.e.m.c.i.embedder.EclipseLogger - The POM for com.sun.star:unoil:jar:core-3.2.1 is missing, no dependency information available
2016-10-04 09:56:30,915 [Worker-33] WARN  o.e.m.c.i.embedder.EclipseLogger - The POM for com.artofsolving:jodconverter:jar:core-3.0-beta-4 is missing, no dependency information available
2016-10-04 09:56:30,920 [Worker-33] WARN  o.e.m.c.i.embedder.EclipseLogger - The POM for com.sun.star:juh:jar:core-3.2.1 is missing, no dependency information available
2016-10-04 09:56:30,925 [Worker-33] WARN  o.e.m.c.i.embedder.EclipseLogger - The POM for com.sun.star:jurt:jar:core-3.2.1 is missing, no dependency information available
2016-10-04 09:56:30,929 [Worker-33] WARN  o.e.m.c.i.embedder.EclipseLogger - The POM for com.sun.star:ridl:jar:core-3.2.1 is missing, no dependency information available
2016-10-04 09:56:30,934 [Worker-33] WARN  o.e.m.c.i.embedder.EclipseLogger - The POM for com.sun.star:unoil:jar:core-3.2.1 is missing, no dependency information available
2016-10-04 09:56:33,539 [Worker-33] INFO  o.e.m.c.i.embedder.EclipseLogger - Using 'UTF-8' encoding to copy filtered resources.
2016-10-04 09:56:33,541 [Worker-33] INFO  o.e.m.c.i.embedder.EclipseLogger - Copying 0 resource
2016-10-04 09:56:33,544 [Worker-33] INFO  o.e.m.c.i.embedder.EclipseLogger - Using 'UTF-8' encoding to copy filtered resources.
2016-10-04 09:56:33,544 [Worker-33] INFO  o.e.m.c.i.embedder.EclipseLogger - Copying 0 resource
2016-10-04 09:56:33,544 [Worker-33] INFO  o.e.m.w.i.f.ResourceFilteringBuildParticipant - Changed resources require a complete clean of filtered resources of student
2016-10-04 09:56:33,545 [Worker-33] INFO  o.e.m.w.i.f.ResourceFilteringBuildParticipant - Executing resource filtering for student
2016-10-04 09:56:33,549 [Worker-33] INFO  o.e.m.c.i.embedder.EclipseLogger - Using 'UTF-8' encoding to copy filtered resources.
2016-10-04 09:57:27,248 [Worker-33] WARN  o.e.m.c.i.embedder.EclipseLogger - The POM for com.artofsolving:jodconverter:jar:core-3.0-beta-4 is missing, no dependency information available
2016-10-04 09:57:27,253 [Worker-33] WARN  o.e.m.c.i.embedder.EclipseLogger - The POM for com.sun.star:juh:jar:core-3.2.1 is missing, no dependency information available
2016-10-04 09:57:27,258 [Worker-33] WARN  o.e.m.c.i.embedder.EclipseLogger - The POM for com.sun.star:jurt:jar:core-3.2.1 is missing, no dependency information available
2016-10-04 09:57:27,263 [Worker-33] WARN  o.e.m.c.i.embedder.EclipseLogger - The POM for com.sun.star:ridl:jar:core-3.2.1 is missing, no dependency information available
2016-10-04 09:57:27,266 [Worker-33] WARN  o.e.m.c.i.embedder.EclipseLogger - The POM for com.sun.star:unoil:jar:core-3.2.1 is missing, no dependency information available
2016-10-04 09:57:27,940 [Worker-33] INFO  o.e.m.c.i.embedder.EclipseLogger - Using 'UTF-8' encoding to copy filtered resources.
2016-10-04 09:57:27,942 [Worker-33] INFO  o.e.m.c.i.embedder.EclipseLogger - Copying 32 resources
2016-10-04 09:57:27,956 [Worker-33] INFO  o.e.m.c.i.embedder.EclipseLogger - Using 'UTF-8' encoding to copy filtered resources.
2016-10-04 09:57:27,956 [Worker-33] INFO  o.e.m.c.i.embedder.EclipseLogger - Copying 0 resource
2016-10-04 09:57:45,550 [Worker-35] INFO  o.e.m.c.i.embedder.EclipseLogger - Using 'UTF-8' encoding to copy filtered resources.
2016-10-04 09:57:45,553 [Worker-35] INFO  o.e.m.c.i.embedder.EclipseLogger - Copying 32 resources
2016-10-04 09:57:45,559 [Worker-35] INFO  o.e.m.c.i.embedder.EclipseLogger - Using 'UTF-8' encoding to copy filtered resources.
2016-10-04 09:57:45,559 [Worker-35] INFO  o.e.m.c.i.embedder.EclipseLogger - Copying 0 resource
2016-10-04 09:57:57,250 [Worker-30] INFO  o.e.m.c.i.embedder.EclipseLogger - Using 'UTF-8' encoding to copy filtered resources.
2016-10-04 09:57:57,252 [Worker-30] INFO  o.e.m.c.i.embedder.EclipseLogger - Copying 32 resources
2016-10-04 09:57:57,263 [Worker-30] INFO  o.e.m.c.i.embedder.EclipseLogger - Using 'UTF-8' encoding to copy filtered resources.
2016-10-04 09:57:57,263 [Worker-30] INFO  o.e.m.c.i.embedder.EclipseLogger - Copying 0 resource
2016-10-04 09:58:08,131 [Worker-37] INFO  o.e.m.c.i.embedder.EclipseLogger - Using 'UTF-8' encoding to copy filtered resources.
2016-10-04 09:58:08,132 [Worker-37] INFO  o.e.m.c.i.embedder.EclipseLogger - Copying 32 resources
2016-10-04 09:58:08,138 [Worker-37] INFO  o.e.m.c.i.embedder.EclipseLogger - Using 'UTF-8' encoding to copy filtered resources.
2016-10-04 09:58:08,138 [Worker-37] INFO  o.e.m.c.i.embedder.EclipseLogger - Copying 0 resource
2016-10-04 09:58:18,207 [Worker-25] INFO  o.e.m.c.i.embedder.EclipseLogger - Using 'UTF-8' encoding to copy filtered resources.
2016-10-04 09:58:18,209 [Worker-25] INFO  o.e.m.c.i.embedder.EclipseLogger - Copying 32 resources
2016-10-04 09:58:18,214 [Worker-25] INFO  o.e.m.c.i.embedder.EclipseLogger - Using 'UTF-8' encoding to copy filtered resources.
2016-10-04 09:58:18,214 [Worker-25] INFO  o.e.m.c.i.embedder.EclipseLogger - Copying 0 resource
2016-10-04 09:58:37,201 [Worker-35] INFO  o.e.m.c.i.embedder.EclipseLogger - Using 'UTF-8' encoding to copy filtered resources.
2016-10-04 09:58:37,203 [Worker-35] INFO  o.e.m.c.i.embedder.EclipseLogger - Copying 32 resources
2016-10-04 09:58:37,213 [Worker-35] INFO  o.e.m.c.i.embedder.EclipseLogger - Using 'UTF-8' encoding to copy filtered resources.
2016-10-04 09:58:37,214 [Worker-35] INFO  o.e.m.c.i.embedder.EclipseLogger - Copying 0 resource
2016-10-04 09:58:38,848 [Worker-37] INFO  o.e.m.c.i.embedder.EclipseLogger - Using 'UTF-8' encoding to copy filtered resources.
2016-10-04 09:58:38,849 [Worker-37] INFO  o.e.m.c.i.embedder.EclipseLogger - Copying 32 resources
2016-10-04 09:58:38,855 [Worker-37] INFO  o.e.m.c.i.embedder.EclipseLogger - Using 'UTF-8' encoding to copy filtered resources.
2016-10-04 09:58:38,855 [Worker-37] INFO  o.e.m.c.i.embedder.EclipseLogger - Copying 0 resource
2016-10-04 09:58:52,046 [Worker-36] INFO  o.e.m.c.i.embedder.EclipseLogger - Using 'UTF-8' encoding to copy filtered resources.
2016-10-04 09:58:52,048 [Worker-36] INFO  o.e.m.c.i.embedder.EclipseLogger - Copying 32 resources
2016-10-04 09:58:52,059 [Worker-36] INFO  o.e.m.c.i.embedder.EclipseLogger - Using 'UTF-8' encoding to copy filtered resources.
2016-10-04 09:58:52,060 [Worker-36] INFO  o.e.m.c.i.embedder.EclipseLogger - Copying 0 resource
2016-10-04 09:59:00,809 [Worker-31] INFO  o.e.m.c.i.embedder.EclipseLogger - Using 'UTF-8' encoding to copy filtered resources.
2016-10-04 09:59:00,809 [Worker-31] INFO  o.e.m.c.i.embedder.EclipseLogger - Copying 0 resource
2016-10-04 09:59:00,811 [Worker-31] INFO  o.e.m.c.i.embedder.EclipseLogger - Using 'UTF-8' encoding to copy filtered resources.
2016-10-04 09:59:00,811 [Worker-31] INFO  o.e.m.c.i.embedder.EclipseLogger - Copying 0 resource
2016-10-04 09:59:28,450 [Worker-28] INFO  o.e.m.c.i.embedder.EclipseLogger - Using 'UTF-8' encoding to copy filtered resources.
2016-10-04 09:59:28,452 [Worker-28] INFO  o.e.m.c.i.embedder.EclipseLogger - Copying 32 resources
2016-10-04 09:59:28,465 [Worker-28] INFO  o.e.m.c.i.embedder.EclipseLogger - Using 'UTF-8' encoding to copy filtered resources.
2016-10-04 09:59:28,466 [Worker-28] INFO  o.e.m.c.i.embedder.EclipseLogger - Copying 0 resource
2016-10-04 09:59:40,480 [Worker-37] INFO  o.e.m.c.i.embedder.EclipseLogger - Using 'UTF-8' encoding to copy filtered resources.
2016-10-04 09:59:40,482 [Worker-37] INFO  o.e.m.c.i.embedder.EclipseLogger - Copying 32 resources
2016-10-04 09:59:40,487 [Worker-37] INFO  o.e.m.c.i.embedder.EclipseLogger - Using 'UTF-8' encoding to copy filtered resources.
2016-10-04 09:59:40,488 [Worker-37] INFO  o.e.m.c.i.embedder.EclipseLogger - Copying 0 resource
2016-10-04 09:59:50,924 [Worker-25] INFO  o.e.m.c.i.embedder.EclipseLogger - Using 'UTF-8' encoding to copy filtered resources.
2016-10-04 09:59:50,926 [Worker-25] INFO  o.e.m.c.i.embedder.EclipseLogger - Copying 32 resources
2016-10-04 09:59:50,931 [Worker-25] INFO  o.e.m.c.i.embedder.EclipseLogger - Using 'UTF-8' encoding to copy filtered resources.
2016-10-04 09:59:50,931 [Worker-25] INFO  o.e.m.c.i.embedder.EclipseLogger - Copying 0 resource
2016-10-04 10:00:02,776 [Worker-25] INFO  o.e.m.c.i.embedder.EclipseLogger - Using 'UTF-8' encoding to copy filtered resources.
2016-10-04 10:00:02,777 [Worker-25] INFO  o.e.m.c.i.embedder.EclipseLogger - Copying 32 resources
2016-10-04 10:00:02,784 [Worker-25] INFO  o.e.m.c.i.embedder.EclipseLogger - Using 'UTF-8' encoding to copy filtered resources.
2016-10-04 10:00:02,784 [Worker-25] INFO  o.e.m.c.i.embedder.EclipseLogger - Copying 0 resource
2016-10-04 10:00:12,049 [Worker-38] INFO  o.e.m.c.i.embedder.EclipseLogger - Using 'UTF-8' encoding to copy filtered resources.
2016-10-04 10:00:12,051 [Worker-38] INFO  o.e.m.c.i.embedder.EclipseLogger - Copying 32 resources
2016-10-04 10:00:12,055 [Worker-38] INFO  o.e.m.c.i.embedder.EclipseLogger - Using 'UTF-8' encoding to copy filtered resources.
2016-10-04 10:00:12,055 [Worker-38] INFO  o.e.m.c.i.embedder.EclipseLogger - Copying 0 resource
2016-10-04 10:00:27,012 [Worker-25] INFO  o.e.m.c.i.embedder.EclipseLogger - Using 'UTF-8' encoding to copy filtered resources.
2016-10-04 10:00:27,014 [Worker-25] INFO  o.e.m.c.i.embedder.EclipseLogger - Copying 32 resources
2016-10-04 10:00:27,021 [Worker-25] INFO  o.e.m.c.i.embedder.EclipseLogger - Using 'UTF-8' encoding to copy filtered resources.
2016-10-04 10:00:27,021 [Worker-25] INFO  o.e.m.c.i.embedder.EclipseLogger - Copying 0 resource
2016-10-04 10:00:36,714 [Worker-36] INFO  o.e.m.c.i.embedder.EclipseLogger - Using 'UTF-8' encoding to copy filtered resources.
2016-10-04 10:00:36,715 [Worker-36] INFO  o.e.m.c.i.embedder.EclipseLogger - Copying 32 resources
2016-10-04 10:00:36,719 [Worker-36] INFO  o.e.m.c.i.embedder.EclipseLogger - Using 'UTF-8' encoding to copy filtered resources.
2016-10-04 10:00:36,719 [Worker-36] INFO  o.e.m.c.i.embedder.EclipseLogger - Copying 0 resource
2016-10-04 10:00:44,465 [Worker-37] INFO  o.e.m.c.i.embedder.EclipseLogger - Using 'UTF-8' encoding to copy filtered resources.
2016-10-04 10:00:44,466 [Worker-37] INFO  o.e.m.c.i.embedder.EclipseLogger - Copying 32 resources
2016-10-04 10:00:44,473 [Worker-37] INFO  o.e.m.c.i.embedder.EclipseLogger - Using 'UTF-8' encoding to copy filtered resources.
2016-10-04 10:00:44,473 [Worker-37] INFO  o.e.m.c.i.embedder.EclipseLogger - Copying 0 resource
2016-10-04 10:00:50,435 [Worker-26] INFO  o.e.m.c.i.embedder.EclipseLogger - Using 'UTF-8' encoding to copy filtered resources.
2016-10-04 10:00:50,437 [Worker-26] INFO  o.e.m.c.i.embedder.EclipseLogger - Copying 32 resources
2016-10-04 10:00:50,441 [Worker-26] INFO  o.e.m.c.i.embedder.EclipseLogger - Using 'UTF-8' encoding to copy filtered resources.
2016-10-04 10:00:50,441 [Worker-26] INFO  o.e.m.c.i.embedder.EclipseLogger - Copying 0 resource
2016-10-04 10:01:02,686 [Worker-40] INFO  o.e.m.c.i.embedder.EclipseLogger - Using 'UTF-8' encoding to copy filtered resources.
2016-10-04 10:01:02,688 [Worker-40] INFO  o.e.m.c.i.embedder.EclipseLogger - Copying 32 resources
2016-10-04 10:01:02,693 [Worker-40] INFO  o.e.m.c.i.embedder.EclipseLogger - Using 'UTF-8' encoding to copy filtered resources.
2016-10-04 10:01:02,693 [Worker-40] INFO  o.e.m.c.i.embedder.EclipseLogger - Copying 0 resource
2016-10-04 10:01:27,685 [Worker-26] INFO  o.e.m.c.i.embedder.EclipseLogger - Using 'UTF-8' encoding to copy filtered resources.
2016-10-04 10:01:27,687 [Worker-26] INFO  o.e.m.c.i.embedder.EclipseLogger - Copying 32 resources
2016-10-04 10:01:27,693 [Worker-26] INFO  o.e.m.c.i.embedder.EclipseLogger - Using 'UTF-8' encoding to copy filtered resources.
2016-10-04 10:01:27,693 [Worker-26] INFO  o.e.m.c.i.embedder.EclipseLogger - Copying 0 resource
2016-10-04 10:01:37,567 [Worker-37] INFO  o.e.m.c.i.embedder.EclipseLogger - Using 'UTF-8' encoding to copy filtered resources.
2016-10-04 10:01:37,568 [Worker-37] INFO  o.e.m.c.i.embedder.EclipseLogger - Copying 32 resources
2016-10-04 10:01:37,571 [Worker-37] INFO  o.e.m.c.i.embedder.EclipseLogger - Using 'UTF-8' encoding to copy filtered resources.
2016-10-04 10:01:37,572 [Worker-37] INFO  o.e.m.c.i.embedder.EclipseLogger - Copying 0 resource
2016-10-04 10:18:57,104 [Worker-45] INFO  o.e.m.c.i.embedder.EclipseLogger - Using 'UTF-8' encoding to copy filtered resources.
2016-10-04 10:18:57,105 [Worker-45] INFO  o.e.m.c.i.embedder.EclipseLogger - Copying 32 resources
2016-10-04 10:18:57,114 [Worker-45] INFO  o.e.m.c.i.embedder.EclipseLogger - Using 'UTF-8' encoding to copy filtered resources.
2016-10-04 10:18:57,115 [Worker-45] INFO  o.e.m.c.i.embedder.EclipseLogger - Copying 0 resource
2016-10-04 10:19:41,094 [Worker-43] INFO  o.e.m.c.i.embedder.EclipseLogger - Using 'UTF-8' encoding to copy filtered resources.
2016-10-04 10:19:41,096 [Worker-43] INFO  o.e.m.c.i.embedder.EclipseLogger - Copying 32 resources
2016-10-04 10:19:41,105 [Worker-43] INFO  o.e.m.c.i.embedder.EclipseLogger - Using 'UTF-8' encoding to copy filtered resources.
2016-10-04 10:19:41,106 [Worker-43] INFO  o.e.m.c.i.embedder.EclipseLogger - Copying 0 resource
2016-10-04 10:19:51,457 [Worker-49] INFO  o.e.m.c.i.embedder.EclipseLogger - Using 'UTF-8' encoding to copy filtered resources.
2016-10-04 10:19:51,458 [Worker-49] INFO  o.e.m.c.i.embedder.EclipseLogger - Copying 32 resources
2016-10-04 10:19:51,464 [Worker-49] INFO  o.e.m.c.i.embedder.EclipseLogger - Using 'UTF-8' encoding to copy filtered resources.
2016-10-04 10:19:51,464 [Worker-49] INFO  o.e.m.c.i.embedder.EclipseLogger - Copying 0 resource
2016-10-04 10:20:02,653 [Worker-49] INFO  o.e.m.c.i.embedder.EclipseLogger - Using 'UTF-8' encoding to copy filtered resources.
2016-10-04 10:20:02,654 [Worker-49] INFO  o.e.m.c.i.embedder.EclipseLogger - Copying 32 resources
2016-10-04 10:20:02,658 [Worker-49] INFO  o.e.m.c.i.embedder.EclipseLogger - Using 'UTF-8' encoding to copy filtered resources.
2016-10-04 10:20:02,658 [Worker-49] INFO  o.e.m.c.i.embedder.EclipseLogger - Copying 0 resource
2016-10-04 10:21:17,145 [Worker-47] INFO  o.e.m.c.i.l.LifecycleMappingFactory - Using org.maven.ide.eclipse.wtp.WarLifecycleMapping lifecycle mapping for MavenProject: com.lk.std:student:0.0.1-SNAPSHOT @ D:\Projects\eclipse\ICBT\trunk\Source\StudentApp\pom.xml.
2016-10-04 10:21:17,873 [Worker-47] WARN  o.e.m.c.i.embedder.EclipseLogger - The POM for com.artofsolving:jodconverter:jar:core-3.0-beta-4 is missing, no dependency information available
2016-10-04 10:21:17,876 [Worker-47] WARN  o.e.m.c.i.embedder.EclipseLogger - The POM for com.sun.star:juh:jar:core-3.2.1 is missing, no dependency information available
2016-10-04 10:21:17,881 [Worker-47] WARN  o.e.m.c.i.embedder.EclipseLogger - The POM for com.sun.star:jurt:jar:core-3.2.1 is missing, no dependency information available
2016-10-04 10:21:17,885 [Worker-47] WARN  o.e.m.c.i.embedder.EclipseLogger - The POM for com.sun.star:ridl:jar:core-3.2.1 is missing, no dependency information available
2016-10-04 10:21:17,888 [Worker-47] WARN  o.e.m.c.i.embedder.EclipseLogger - The POM for com.sun.star:unoil:jar:core-3.2.1 is missing, no dependency information available
2016-10-04 10:21:19,261 [Worker-47] WARN  o.e.m.c.i.embedder.EclipseLogger - The POM for com.artofsolving:jodconverter:jar:core-3.0-beta-4 is missing, no dependency information available
2016-10-04 10:21:19,264 [Worker-47] WARN  o.e.m.c.i.embedder.EclipseLogger - The POM for com.sun.star:juh:jar:core-3.2.1 is missing, no dependency information available
2016-10-04 10:21:19,267 [Worker-47] WARN  o.e.m.c.i.embedder.EclipseLogger - The POM for com.sun.star:jurt:jar:core-3.2.1 is missing, no dependency information available
2016-10-04 10:21:19,270 [Worker-47] WARN  o.e.m.c.i.embedder.EclipseLogger - The POM for com.sun.star:ridl:jar:core-3.2.1 is missing, no dependency information available
2016-10-04 10:21:19,272 [Worker-47] WARN  o.e.m.c.i.embedder.EclipseLogger - The POM for com.sun.star:unoil:jar:core-3.2.1 is missing, no dependency information available
2016-10-04 10:21:21,421 [Worker-47] INFO  o.e.m.c.i.embedder.EclipseLogger - Using 'UTF-8' encoding to copy filtered resources.
2016-10-04 10:21:21,423 [Worker-47] INFO  o.e.m.c.i.embedder.EclipseLogger - Copying 0 resource
2016-10-04 10:21:21,425 [Worker-47] INFO  o.e.m.c.i.embedder.EclipseLogger - Using 'UTF-8' encoding to copy filtered resources.
2016-10-04 10:21:21,425 [Worker-47] INFO  o.e.m.c.i.embedder.EclipseLogger - Copying 0 resource
2016-10-04 10:21:21,426 [Worker-47] INFO  o.e.m.w.i.f.ResourceFilteringBuildParticipant - Changed resources require a complete clean of filtered resources of student
2016-10-04 10:21:21,426 [Worker-47] INFO  o.e.m.w.i.f.ResourceFilteringBuildParticipant - Executing resource filtering for student
2016-10-04 10:21:21,429 [Worker-47] INFO  o.e.m.c.i.embedder.EclipseLogger - Using 'UTF-8' encoding to copy filtered resources.
2016-10-04 10:22:44,817 [Worker-50] WARN  o.e.m.c.i.embedder.EclipseLogger - The POM for com.artofsolving:jodconverter:jar:core-3.0-beta-4 is missing, no dependency information available
2016-10-04 10:22:44,820 [Worker-50] WARN  o.e.m.c.i.embedder.EclipseLogger - The POM for com.sun.star:juh:jar:core-3.2.1 is missing, no dependency information available
2016-10-04 10:22:44,824 [Worker-50] WARN  o.e.m.c.i.embedder.EclipseLogger - The POM for com.sun.star:jurt:jar:core-3.2.1 is missing, no dependency information available
2016-10-04 10:22:44,827 [Worker-50] WARN  o.e.m.c.i.embedder.EclipseLogger - The POM for com.sun.star:ridl:jar:core-3.2.1 is missing, no dependency information available
2016-10-04 10:22:44,830 [Worker-50] WARN  o.e.m.c.i.embedder.EclipseLogger - The POM for com.sun.star:unoil:jar:core-3.2.1 is missing, no dependency information available
2016-10-04 10:22:45,454 [Worker-50] INFO  o.e.m.c.i.embedder.EclipseLogger - Using 'UTF-8' encoding to copy filtered resources.
2016-10-04 10:22:45,454 [Worker-50] INFO  o.e.m.c.i.embedder.EclipseLogger - Copying 1 resource
2016-10-04 10:22:45,466 [Worker-50] INFO  o.e.m.c.i.embedder.EclipseLogger - Using 'UTF-8' encoding to copy filtered resources.
2016-10-04 10:22:45,466 [Worker-50] INFO  o.e.m.c.i.embedder.EclipseLogger - Copying 0 resource
2016-10-04 10:24:12,599 [Worker-43] INFO  o.e.m.c.i.embedder.EclipseLogger - Using 'UTF-8' encoding to copy filtered resources.
2016-10-04 10:24:12,599 [Worker-43] INFO  o.e.m.c.i.embedder.EclipseLogger - Copying 0 resource
2016-10-04 10:24:12,600 [Worker-43] INFO  o.e.m.c.i.embedder.EclipseLogger - Using 'UTF-8' encoding to copy filtered resources.
2016-10-04 10:24:12,600 [Worker-43] INFO  o.e.m.c.i.embedder.EclipseLogger - Copying 0 resource
2016-10-04 10:25:28,757 [Worker-45] INFO  o.e.m.c.i.embedder.EclipseLogger - Using 'UTF-8' encoding to copy filtered resources.
2016-10-04 10:25:28,757 [Worker-45] INFO  o.e.m.c.i.embedder.EclipseLogger - Copying 0 resource
2016-10-04 10:25:28,758 [Worker-45] INFO  o.e.m.c.i.embedder.EclipseLogger - Using 'UTF-8' encoding to copy filtered resources.
2016-10-04 10:25:28,759 [Worker-45] INFO  o.e.m.c.i.embedder.EclipseLogger - Copying 0 resource
2016-10-04 10:25:38,232 [Worker-34] INFO  o.e.m.c.i.embedder.EclipseLogger - Using 'UTF-8' encoding to copy filtered resources.
2016-10-04 10:25:38,232 [Worker-34] INFO  o.e.m.c.i.embedder.EclipseLogger - Copying 0 resource
2016-10-04 10:25:38,233 [Worker-34] INFO  o.e.m.c.i.embedder.EclipseLogger - Using 'UTF-8' encoding to copy filtered resources.
2016-10-04 10:25:38,233 [Worker-34] INFO  o.e.m.c.i.embedder.EclipseLogger - Copying 0 resource
2016-10-04 10:26:43,323 [Worker-42] WARN  o.e.m.c.i.embedder.EclipseLogger - The POM for com.artofsolving:jodconverter:jar:core-3.0-beta-4 is missing, no dependency information available
2016-10-04 10:26:43,327 [Worker-42] WARN  o.e.m.c.i.embedder.EclipseLogger - The POM for com.sun.star:juh:jar:core-3.2.1 is missing, no dependency information available
2016-10-04 10:26:43,330 [Worker-42] WARN  o.e.m.c.i.embedder.EclipseLogger - The POM for com.sun.star:jurt:jar:core-3.2.1 is missing, no dependency information available
2016-10-04 10:26:43,334 [Worker-42] WARN  o.e.m.c.i.embedder.EclipseLogger - The POM for com.sun.star:ridl:jar:core-3.2.1 is missing, no dependency information available
2016-10-04 10:26:43,338 [Worker-42] WARN  o.e.m.c.i.embedder.EclipseLogger - The POM for com.sun.star:unoil:jar:core-3.2.1 is missing, no dependency information available
2016-10-04 10:27:00,194 [Worker-45] INFO  o.e.m.i.launch.MavenLaunchDelegate - D:\Projects\eclipse\ICBT\trunk\Source\StudentApp
2016-10-04 10:27:00,194 [Worker-45] INFO  o.e.m.i.launch.MavenLaunchDelegate -  mvn  -B clean
2016-10-04 10:27:10,265 [Worker-46] INFO  o.e.m.c.i.embedder.EclipseLogger - Using 'UTF-8' encoding to copy filtered resources.
2016-10-04 10:27:10,267 [Worker-46] INFO  o.e.m.c.i.embedder.EclipseLogger - Copying 32 resources
2016-10-04 10:27:10,566 [Worker-46] INFO  o.e.m.c.i.embedder.EclipseLogger - Using 'UTF-8' encoding to copy filtered resources.
2016-10-04 10:27:10,566 [Worker-46] INFO  o.e.m.c.i.embedder.EclipseLogger - Copying 4 resources
2016-10-04 10:27:10,632 [Worker-46] INFO  o.e.m.w.i.f.ResourceFilteringBuildParticipant - Changed resources require a complete clean of filtered resources of student
2016-10-04 10:27:10,632 [Worker-46] INFO  o.e.m.w.i.f.ResourceFilteringBuildParticipant - Executing resource filtering for student
2016-10-04 10:27:10,640 [Worker-46] INFO  o.e.m.c.i.embedder.EclipseLogger - Using 'UTF-8' encoding to copy filtered resources.
2016-10-04 10:27:14,859 [Worker-46] INFO  o.e.m.i.launch.MavenLaunchDelegate - D:\Projects\eclipse\ICBT\trunk\Source\StudentApp
2016-10-04 10:27:14,860 [Worker-46] INFO  o.e.m.i.launch.MavenLaunchDelegate -  mvn  -B install
2016-10-04 10:28:18,841 [Worker-43] INFO  o.e.m.c.i.embedder.EclipseLogger - Using 'UTF-8' encoding to copy filtered resources.
2016-10-04 10:28:18,843 [Worker-43] INFO  o.e.m.c.i.embedder.EclipseLogger - Copying 32 resources
2016-10-04 10:28:18,851 [Worker-43] INFO  o.e.m.c.i.embedder.EclipseLogger - Using 'UTF-8' encoding to copy filtered resources.
2016-10-04 10:28:18,851 [Worker-43] INFO  o.e.m.c.i.embedder.EclipseLogger - Copying 0 resource
2016-10-04 10:36:19,874 [Worker-56] INFO  o.e.m.c.i.embedder.EclipseLogger - Using 'UTF-8' encoding to copy filtered resources.
2016-10-04 10:36:19,874 [Worker-56] INFO  o.e.m.c.i.embedder.EclipseLogger - Copying 0 resource
2016-10-04 10:36:19,876 [Worker-56] INFO  o.e.m.c.i.embedder.EclipseLogger - Using 'UTF-8' encoding to copy filtered resources.
2016-10-04 10:36:19,876 [Worker-56] INFO  o.e.m.c.i.embedder.EclipseLogger - Copying 1 resource
2016-10-04 10:36:27,654 [Worker-52] INFO  o.e.m.c.i.embedder.EclipseLogger - Using 'UTF-8' encoding to copy filtered resources.
2016-10-04 10:36:27,654 [Worker-52] INFO  o.e.m.c.i.embedder.EclipseLogger - Copying 0 resource
2016-10-04 10:36:27,656 [Worker-52] INFO  o.e.m.c.i.embedder.EclipseLogger - Using 'UTF-8' encoding to copy filtered resources.
2016-10-04 10:36:27,657 [Worker-52] INFO  o.e.m.c.i.embedder.EclipseLogger - Copying 1 resource
2016-10-04 10:36:37,278 [Worker-47] INFO  o.e.m.c.i.embedder.EclipseLogger - Using 'UTF-8' encoding to copy filtered resources.
2016-10-04 10:36:37,278 [Worker-47] INFO  o.e.m.c.i.embedder.EclipseLogger - Copying 0 resource
2016-10-04 10:36:37,279 [Worker-47] INFO  o.e.m.c.i.embedder.EclipseLogger - Using 'UTF-8' encoding to copy filtered resources.
2016-10-04 10:36:37,279 [Worker-47] INFO  o.e.m.c.i.embedder.EclipseLogger - Copying 1 resource
2016-10-04 10:37:24,888 [Worker-56] INFO  o.e.m.i.launch.MavenLaunchDelegate - D:\Projects\eclipse\ICBT\trunk\Source\StudentApp
2016-10-04 10:37:24,888 [Worker-56] INFO  o.e.m.i.launch.MavenLaunchDelegate -  mvn  -B clean
2016-10-04 10:37:28,572 [Worker-47] INFO  o.e.m.c.i.embedder.EclipseLogger - Using 'UTF-8' encoding to copy filtered resources.
2016-10-04 10:37:28,573 [Worker-47] INFO  o.e.m.c.i.embedder.EclipseLogger - Copying 32 resources
2016-10-04 10:37:28,653 [Worker-47] INFO  o.e.m.c.i.embedder.EclipseLogger - Using 'UTF-8' encoding to copy filtered resources.
2016-10-04 10:37:28,654 [Worker-47] INFO  o.e.m.c.i.embedder.EclipseLogger - Copying 4 resources
2016-10-04 10:37:28,660 [Worker-47] INFO  o.e.m.w.i.f.ResourceFilteringBuildParticipant - Changed resources require a complete clean of filtered resources of student
2016-10-04 10:37:28,660 [Worker-47] INFO  o.e.m.w.i.f.ResourceFilteringBuildParticipant - Executing resource filtering for student
2016-10-04 10:37:28,673 [Worker-47] INFO  o.e.m.c.i.embedder.EclipseLogger - Using 'UTF-8' encoding to copy filtered resources.
2016-10-04 10:37:32,711 [Worker-55] INFO  o.e.m.i.launch.MavenLaunchDelegate - D:\Projects\eclipse\ICBT\trunk\Source\StudentApp
2016-10-04 10:37:32,711 [Worker-55] INFO  o.e.m.i.launch.MavenLaunchDelegate -  mvn  -B install
2016-10-04 10:38:03,537 [Worker-54] INFO  o.e.m.c.i.embedder.EclipseLogger - Using 'UTF-8' encoding to copy filtered resources.
2016-10-04 10:38:03,538 [Worker-54] INFO  o.e.m.c.i.embedder.EclipseLogger - Copying 32 resources
2016-10-04 10:38:03,542 [Worker-54] INFO  o.e.m.c.i.embedder.EclipseLogger - Using 'UTF-8' encoding to copy filtered resources.
2016-10-04 10:38:03,542 [Worker-54] INFO  o.e.m.c.i.embedder.EclipseLogger - Copying 0 resource
2016-10-04 11:00:14,064 [Worker-66] INFO  o.e.m.c.i.embedder.EclipseLogger - Using 'UTF-8' encoding to copy filtered resources.
2016-10-04 11:00:14,065 [Worker-66] INFO  o.e.m.c.i.embedder.EclipseLogger - Copying 0 resource
2016-10-04 11:00:14,066 [Worker-66] INFO  o.e.m.c.i.embedder.EclipseLogger - Using 'UTF-8' encoding to copy filtered resources.
2016-10-04 11:00:14,066 [Worker-66] INFO  o.e.m.c.i.embedder.EclipseLogger - Copying 0 resource
2016-10-04 11:00:23,744 [Worker-61] INFO  o.e.m.c.i.embedder.EclipseLogger - Using 'UTF-8' encoding to copy filtered resources.
2016-10-04 11:00:23,745 [Worker-61] INFO  o.e.m.c.i.embedder.EclipseLogger - Copying 0 resource
2016-10-04 11:00:23,746 [Worker-61] INFO  o.e.m.c.i.embedder.EclipseLogger - Using 'UTF-8' encoding to copy filtered resources.
2016-10-04 11:00:23,746 [Worker-61] INFO  o.e.m.c.i.embedder.EclipseLogger - Copying 0 resource
2016-10-04 11:00:36,254 [Worker-64] INFO  o.e.m.c.i.embedder.EclipseLogger - Using 'UTF-8' encoding to copy filtered resources.
2016-10-04 11:00:36,254 [Worker-64] INFO  o.e.m.c.i.embedder.EclipseLogger - Copying 0 resource
2016-10-04 11:00:36,255 [Worker-64] INFO  o.e.m.c.i.embedder.EclipseLogger - Using 'UTF-8' encoding to copy filtered resources.
2016-10-04 11:00:36,256 [Worker-64] INFO  o.e.m.c.i.embedder.EclipseLogger - Copying 0 resource
2016-10-04 11:03:48,648 [Worker-60] INFO  o.e.m.c.i.embedder.EclipseLogger - Using 'UTF-8' encoding to copy filtered resources.
2016-10-04 11:03:48,650 [Worker-60] INFO  o.e.m.c.i.embedder.EclipseLogger - Copying 32 resources
2016-10-04 11:03:48,659 [Worker-60] INFO  o.e.m.c.i.embedder.EclipseLogger - Using 'UTF-8' encoding to copy filtered resources.
2016-10-04 11:03:48,659 [Worker-60] INFO  o.e.m.c.i.embedder.EclipseLogger - Copying 0 resource
2016-10-04 11:03:55,012 [Worker-64] INFO  o.e.m.c.i.embedder.EclipseLogger - Using 'UTF-8' encoding to copy filtered resources.
2016-10-04 11:03:55,014 [Worker-64] INFO  o.e.m.c.i.embedder.EclipseLogger - Copying 32 resources
2016-10-04 11:03:55,024 [Worker-64] INFO  o.e.m.c.i.embedder.EclipseLogger - Using 'UTF-8' encoding to copy filtered resources.
2016-10-04 11:03:55,024 [Worker-64] INFO  o.e.m.c.i.embedder.EclipseLogger - Copying 0 resource
2016-10-04 11:04:19,435 [Worker-62] INFO  o.e.m.i.launch.MavenLaunchDelegate - D:\Projects\eclipse\ICBT\trunk\Source\StudentApp
2016-10-04 11:04:19,436 [Worker-62] INFO  o.e.m.i.launch.MavenLaunchDelegate -  mvn  -B clean
2016-10-04 11:04:24,454 [Worker-64] INFO  o.e.m.c.i.embedder.EclipseLogger - Using 'UTF-8' encoding to copy filtered resources.
2016-10-04 11:04:24,456 [Worker-64] INFO  o.e.m.c.i.embedder.EclipseLogger - Copying 32 resources
2016-10-04 11:04:24,820 [Worker-64] INFO  o.e.m.c.i.embedder.EclipseLogger - Using 'UTF-8' encoding to copy filtered resources.
2016-10-04 11:04:24,821 [Worker-64] INFO  o.e.m.c.i.embedder.EclipseLogger - Copying 4 resources
2016-10-04 11:04:24,850 [Worker-64] INFO  o.e.m.w.i.f.ResourceFilteringBuildParticipant - Changed resources require a complete clean of filtered resources of student
2016-10-04 11:04:24,850 [Worker-64] INFO  o.e.m.w.i.f.ResourceFilteringBuildParticipant - Executing resource filtering for student
2016-10-04 11:04:24,870 [Worker-64] INFO  o.e.m.c.i.embedder.EclipseLogger - Using 'UTF-8' encoding to copy filtered resources.
2016-10-04 11:04:35,111 [Worker-62] INFO  o.e.m.i.launch.MavenLaunchDelegate - D:\Projects\eclipse\ICBT\trunk\Source\StudentApp
2016-10-04 11:04:35,112 [Worker-62] INFO  o.e.m.i.launch.MavenLaunchDelegate -  mvn  -B install
2016-10-04 11:05:24,468 [Worker-60] INFO  o.e.m.c.i.embedder.EclipseLogger - Using 'UTF-8' encoding to copy filtered resources.
2016-10-04 11:05:24,470 [Worker-60] INFO  o.e.m.c.i.embedder.EclipseLogger - Copying 32 resources
2016-10-04 11:05:24,484 [Worker-60] INFO  o.e.m.c.i.embedder.EclipseLogger - Using 'UTF-8' encoding to copy filtered resources.
2016-10-04 11:05:24,485 [Worker-60] INFO  o.e.m.c.i.embedder.EclipseLogger - Copying 0 resource
2016-10-04 11:08:27,933 [Worker-60] INFO  o.e.m.c.i.embedder.EclipseLogger - Using 'UTF-8' encoding to copy filtered resources.
2016-10-04 11:08:27,935 [Worker-60] INFO  o.e.m.c.i.embedder.EclipseLogger - Copying 32 resources
2016-10-04 11:08:27,940 [Worker-60] INFO  o.e.m.c.i.embedder.EclipseLogger - Using 'UTF-8' encoding to copy filtered resources.
2016-10-04 11:08:27,940 [Worker-60] INFO  o.e.m.c.i.embedder.EclipseLogger - Copying 0 resource
2016-10-04 11:08:54,531 [Worker-69] INFO  o.e.m.i.launch.MavenLaunchDelegate - D:\Projects\eclipse\ICBT\trunk\Source\StudentApp
2016-10-04 11:08:54,531 [Worker-69] INFO  o.e.m.i.launch.MavenLaunchDelegate -  mvn  -B clean
2016-10-04 11:08:58,504 [Worker-69] INFO  o.e.m.c.i.embedder.EclipseLogger - Using 'UTF-8' encoding to copy filtered resources.
2016-10-04 11:08:58,506 [Worker-69] INFO  o.e.m.c.i.embedder.EclipseLogger - Copying 32 resources
2016-10-04 11:08:58,590 [Worker-69] INFO  o.e.m.c.i.embedder.EclipseLogger - Using 'UTF-8' encoding to copy filtered resources.
2016-10-04 11:08:58,591 [Worker-69] INFO  o.e.m.c.i.embedder.EclipseLogger - Copying 4 resources
2016-10-04 11:08:58,599 [Worker-69] INFO  o.e.m.w.i.f.ResourceFilteringBuildParticipant - Changed resources require a complete clean of filtered resources of student
2016-10-04 11:08:58,599 [Worker-69] INFO  o.e.m.w.i.f.ResourceFilteringBuildParticipant - Executing resource filtering for student
2016-10-04 11:08:58,611 [Worker-69] INFO  o.e.m.c.i.embedder.EclipseLogger - Using 'UTF-8' encoding to copy filtered resources.
2016-10-04 11:09:01,717 [Worker-70] INFO  o.e.m.i.launch.MavenLaunchDelegate - D:\Projects\eclipse\ICBT\trunk\Source\StudentApp
2016-10-04 11:09:01,717 [Worker-70] INFO  o.e.m.i.launch.MavenLaunchDelegate -  mvn  -B install
2016-10-04 11:09:34,412 [Worker-60] INFO  o.e.m.c.i.embedder.EclipseLogger - Using 'UTF-8' encoding to copy filtered resources.
2016-10-04 11:09:34,414 [Worker-60] INFO  o.e.m.c.i.embedder.EclipseLogger - Copying 32 resources
2016-10-04 11:09:34,417 [Worker-60] INFO  o.e.m.c.i.embedder.EclipseLogger - Using 'UTF-8' encoding to copy filtered resources.
2016-10-04 11:09:34,417 [Worker-60] INFO  o.e.m.c.i.embedder.EclipseLogger - Copying 0 resource
2016-10-04 11:18:50,086 [Worker-71] INFO  o.e.m.c.i.embedder.EclipseLogger - Using 'UTF-8' encoding to copy filtered resources.
2016-10-04 11:18:50,088 [Worker-71] INFO  o.e.m.c.i.embedder.EclipseLogger - Copying 32 resources
2016-10-04 11:18:50,106 [Worker-71] INFO  o.e.m.c.i.embedder.EclipseLogger - Using 'UTF-8' encoding to copy filtered resources.
2016-10-04 11:18:50,107 [Worker-71] INFO  o.e.m.c.i.embedder.EclipseLogger - Copying 0 resource
2016-10-04 11:18:58,476 [Worker-77] INFO  o.e.m.c.i.embedder.EclipseLogger - Using 'UTF-8' encoding to copy filtered resources.
2016-10-04 11:18:58,478 [Worker-77] INFO  o.e.m.c.i.embedder.EclipseLogger - Copying 32 resources
2016-10-04 11:18:58,482 [Worker-77] INFO  o.e.m.c.i.embedder.EclipseLogger - Using 'UTF-8' encoding to copy filtered resources.
2016-10-04 11:18:58,483 [Worker-77] INFO  o.e.m.c.i.embedder.EclipseLogger - Copying 0 resource
2016-10-04 11:19:05,221 [Worker-81] INFO  o.e.m.c.i.embedder.EclipseLogger - Using 'UTF-8' encoding to copy filtered resources.
2016-10-04 11:19:05,222 [Worker-81] INFO  o.e.m.c.i.embedder.EclipseLogger - Copying 32 resources
2016-10-04 11:19:05,225 [Worker-81] INFO  o.e.m.c.i.embedder.EclipseLogger - Using 'UTF-8' encoding to copy filtered resources.
2016-10-04 11:19:05,225 [Worker-81] INFO  o.e.m.c.i.embedder.EclipseLogger - Copying 0 resource
2016-10-04 11:19:18,203 [Worker-75] INFO  o.e.m.c.i.embedder.EclipseLogger - Using 'UTF-8' encoding to copy filtered resources.
2016-10-04 11:19:18,204 [Worker-75] INFO  o.e.m.c.i.embedder.EclipseLogger - Copying 32 resources
2016-10-04 11:19:18,209 [Worker-75] INFO  o.e.m.c.i.embedder.EclipseLogger - Using 'UTF-8' encoding to copy filtered resources.
2016-10-04 11:19:18,209 [Worker-75] INFO  o.e.m.c.i.embedder.EclipseLogger - Copying 0 resource
2016-10-04 11:23:39,930 [Worker-84] INFO  o.e.m.c.i.embedder.EclipseLogger - Using 'UTF-8' encoding to copy filtered resources.
2016-10-04 11:23:39,930 [Worker-84] INFO  o.e.m.c.i.embedder.EclipseLogger - Copying 0 resource
2016-10-04 11:23:39,931 [Worker-84] INFO  o.e.m.c.i.embedder.EclipseLogger - Using 'UTF-8' encoding to copy filtered resources.
2016-10-04 11:23:39,932 [Worker-84] INFO  o.e.m.c.i.embedder.EclipseLogger - Copying 0 resource
2016-10-04 11:23:47,570 [Worker-79] INFO  o.e.m.c.i.embedder.EclipseLogger - Using 'UTF-8' encoding to copy filtered resources.
2016-10-04 11:23:47,570 [Worker-79] INFO  o.e.m.c.i.embedder.EclipseLogger - Copying 0 resource
2016-10-04 11:23:47,573 [Worker-79] INFO  o.e.m.c.i.embedder.EclipseLogger - Using 'UTF-8' encoding to copy filtered resources.
2016-10-04 11:23:47,574 [Worker-79] INFO  o.e.m.c.i.embedder.EclipseLogger - Copying 0 resource
2016-10-04 11:24:01,008 [Worker-84] INFO  o.e.m.c.i.embedder.EclipseLogger - Using 'UTF-8' encoding to copy filtered resources.
2016-10-04 11:24:01,009 [Worker-84] INFO  o.e.m.c.i.embedder.EclipseLogger - Copying 0 resource
2016-10-04 11:24:01,010 [Worker-84] INFO  o.e.m.c.i.embedder.EclipseLogger - Using 'UTF-8' encoding to copy filtered resources.
2016-10-04 11:24:01,011 [Worker-84] INFO  o.e.m.c.i.embedder.EclipseLogger - Copying 0 resource
2016-10-04 11:26:15,558 [Worker-77] INFO  o.e.m.c.i.embedder.EclipseLogger - Using 'UTF-8' encoding to copy filtered resources.
2016-10-04 11:26:15,559 [Worker-77] INFO  o.e.m.c.i.embedder.EclipseLogger - Copying 0 resource
2016-10-04 11:26:15,560 [Worker-77] INFO  o.e.m.c.i.embedder.EclipseLogger - Using 'UTF-8' encoding to copy filtered resources.
2016-10-04 11:26:15,560 [Worker-77] INFO  o.e.m.c.i.embedder.EclipseLogger - Copying 0 resource
2016-10-04 11:26:18,698 [Worker-83] INFO  o.e.m.c.i.embedder.EclipseLogger - Using 'UTF-8' encoding to copy filtered resources.
2016-10-04 11:26:18,698 [Worker-83] INFO  o.e.m.c.i.embedder.EclipseLogger - Copying 0 resource
2016-10-04 11:26:18,699 [Worker-83] INFO  o.e.m.c.i.embedder.EclipseLogger - Using 'UTF-8' encoding to copy filtered resources.
2016-10-04 11:26:18,699 [Worker-83] INFO  o.e.m.c.i.embedder.EclipseLogger - Copying 0 resource
2016-10-04 11:26:30,125 [Worker-85] INFO  o.e.m.c.i.embedder.EclipseLogger - Using 'UTF-8' encoding to copy filtered resources.
2016-10-04 11:26:30,125 [Worker-85] INFO  o.e.m.c.i.embedder.EclipseLogger - Copying 0 resource
2016-10-04 11:26:30,127 [Worker-85] INFO  o.e.m.c.i.embedder.EclipseLogger - Using 'UTF-8' encoding to copy filtered resources.
2016-10-04 11:26:30,127 [Worker-85] INFO  o.e.m.c.i.embedder.EclipseLogger - Copying 0 resource
2016-10-04 11:26:44,304 [Worker-77] INFO  o.e.m.c.i.embedder.EclipseLogger - Using 'UTF-8' encoding to copy filtered resources.
2016-10-04 11:26:44,305 [Worker-77] INFO  o.e.m.c.i.embedder.EclipseLogger - Copying 0 resource
2016-10-04 11:26:44,306 [Worker-77] INFO  o.e.m.c.i.embedder.EclipseLogger - Using 'UTF-8' encoding to copy filtered resources.
2016-10-04 11:26:44,306 [Worker-77] INFO  o.e.m.c.i.embedder.EclipseLogger - Copying 0 resource
2016-10-04 11:27:01,231 [Worker-77] INFO  o.e.m.c.i.embedder.EclipseLogger - Using 'UTF-8' encoding to copy filtered resources.
2016-10-04 11:27:01,231 [Worker-77] INFO  o.e.m.c.i.embedder.EclipseLogger - Copying 0 resource
2016-10-04 11:27:01,233 [Worker-77] INFO  o.e.m.c.i.embedder.EclipseLogger - Using 'UTF-8' encoding to copy filtered resources.
2016-10-04 11:27:01,234 [Worker-77] INFO  o.e.m.c.i.embedder.EclipseLogger - Copying 0 resource
2016-10-04 11:27:30,744 [Worker-77] INFO  o.e.m.c.i.embedder.EclipseLogger - Using 'UTF-8' encoding to copy filtered resources.
2016-10-04 11:27:30,744 [Worker-77] INFO  o.e.m.c.i.embedder.EclipseLogger - Copying 0 resource
2016-10-04 11:27:30,745 [Worker-77] INFO  o.e.m.c.i.embedder.EclipseLogger - Using 'UTF-8' encoding to copy filtered resources.
2016-10-04 11:27:30,746 [Worker-77] INFO  o.e.m.c.i.embedder.EclipseLogger - Copying 0 resource
2016-10-04 11:51:15,696 [Worker-88] INFO  o.e.m.c.i.embedder.EclipseLogger - Using 'UTF-8' encoding to copy filtered resources.
2016-10-04 11:51:15,697 [Worker-88] INFO  o.e.m.c.i.embedder.EclipseLogger - Copying 0 resource
2016-10-04 11:51:15,698 [Worker-88] INFO  o.e.m.c.i.embedder.EclipseLogger - Using 'UTF-8' encoding to copy filtered resources.
2016-10-04 11:51:15,698 [Worker-88] INFO  o.e.m.c.i.embedder.EclipseLogger - Copying 0 resource
2016-10-04 11:53:12,773 [Worker-89] INFO  o.e.m.c.i.embedder.EclipseLogger - Using 'UTF-8' encoding to copy filtered resources.
2016-10-04 11:53:12,773 [Worker-89] INFO  o.e.m.c.i.embedder.EclipseLogger - Copying 1 resource
2016-10-04 11:53:12,777 [Worker-89] INFO  o.e.m.c.i.embedder.EclipseLogger - Using 'UTF-8' encoding to copy filtered resources.
2016-10-04 11:53:12,777 [Worker-89] INFO  o.e.m.c.i.embedder.EclipseLogger - Copying 0 resource
2016-10-04 11:56:47,236 [Worker-89] INFO  o.e.m.c.i.embedder.EclipseLogger - Using 'UTF-8' encoding to copy filtered resources.
2016-10-04 11:56:47,236 [Worker-89] INFO  o.e.m.c.i.embedder.EclipseLogger - Copying 1 resource
2016-10-04 11:56:47,239 [Worker-89] INFO  o.e.m.c.i.embedder.EclipseLogger - Using 'UTF-8' encoding to copy filtered resources.
2016-10-04 11:56:47,239 [Worker-89] INFO  o.e.m.c.i.embedder.EclipseLogger - Copying 0 resource
2016-10-04 11:59:00,508 [Worker-96] INFO  o.e.m.c.i.embedder.EclipseLogger - Using 'UTF-8' encoding to copy filtered resources.
2016-10-04 11:59:00,508 [Worker-96] INFO  o.e.m.c.i.embedder.EclipseLogger - Copying 1 resource
2016-10-04 11:59:00,512 [Worker-96] INFO  o.e.m.c.i.embedder.EclipseLogger - Using 'UTF-8' encoding to copy filtered resources.
2016-10-04 11:59:00,512 [Worker-96] INFO  o.e.m.c.i.embedder.EclipseLogger - Copying 0 resource
2016-10-04 12:09:25,276 [Worker-99] INFO  o.e.m.c.i.embedder.EclipseLogger - Using 'UTF-8' encoding to copy filtered resources.
2016-10-04 12:09:25,277 [Worker-99] INFO  o.e.m.c.i.embedder.EclipseLogger - Copying 1 resource
2016-10-04 12:09:25,279 [Worker-99] INFO  o.e.m.c.i.embedder.EclipseLogger - Using 'UTF-8' encoding to copy filtered resources.
2016-10-04 12:09:25,279 [Worker-99] INFO  o.e.m.c.i.embedder.EclipseLogger - Copying 0 resource
